{"/home/travis/build/npmtest/node-npmtest-min-document/test.js":{"path":"/home/travis/build/npmtest/node-npmtest-min-document/test.js","s":{"1":2,"2":2,"3":2,"4":2,"5":2,"6":2,"7":2,"8":1,"9":2,"10":2,"11":1,"12":1,"13":1,"14":1,"15":2,"16":2,"17":2,"18":2,"19":1,"20":1,"21":2,"22":2,"23":2,"24":1,"25":1,"26":1,"27":1,"28":1,"29":1,"30":1,"31":1,"32":1,"33":1,"34":1,"35":1,"36":1,"37":1,"38":1,"39":2,"40":2,"41":1,"42":2,"43":2,"44":1,"45":2,"46":2,"47":1,"48":2,"49":2,"50":1,"51":1,"52":1,"53":1,"54":1},"b":{"1":[2,1,1,1],"2":[1,1,1,1],"3":[1,1],"4":[1,1],"5":[1,1],"6":[1,1],"7":[1,1],"8":[1,1],"9":[1,1],"10":[1,1,1],"11":[1,1],"12":[1,1],"13":[1,1],"14":[1,1],"15":[1,1],"16":[1,1],"17":[1,1]},"f":{"1":2,"2":2,"3":2,"4":2,"5":2,"6":1,"7":1,"8":1,"9":2,"10":2,"11":2,"12":2,"13":1},"fnMap":{"1":{"name":"(anonymous_1)","line":12,"loc":{"start":{"line":12,"column":1},"end":{"line":12,"column":13}}},"2":{"name":"(anonymous_2)","line":19,"loc":{"start":{"line":19,"column":5},"end":{"line":19,"column":17}}},"3":{"name":"(anonymous_3)","line":23,"loc":{"start":{"line":23,"column":24},"end":{"line":23,"column":36}}},"4":{"name":"(anonymous_4)","line":61,"loc":{"start":{"line":61,"column":5},"end":{"line":61,"column":17}}},"5":{"name":"(anonymous_5)","line":82,"loc":{"start":{"line":82,"column":5},"end":{"line":82,"column":17}}},"6":{"name":"(anonymous_6)","line":91,"loc":{"start":{"line":91,"column":77},"end":{"line":94,"column":10}}},"7":{"name":"(anonymous_7)","line":112,"loc":{"start":{"line":112,"column":83},"end":{"line":115,"column":10}},"skip":true},"8":{"name":"(anonymous_8)","line":123,"loc":{"start":{"line":123,"column":77},"end":{"line":126,"column":10}},"skip":true},"9":{"name":"(anonymous_9)","line":139,"loc":{"start":{"line":139,"column":12},"end":{"line":139,"column":40}},"skip":true},"10":{"name":"(anonymous_10)","line":147,"loc":{"start":{"line":147,"column":77},"end":{"line":150,"column":10}},"skip":true},"11":{"name":"(anonymous_11)","line":158,"loc":{"start":{"line":158,"column":83},"end":{"line":161,"column":10}},"skip":true},"12":{"name":"(anonymous_12)","line":169,"loc":{"start":{"line":169,"column":79},"end":{"line":172,"column":10}},"skip":true},"13":{"name":"(anonymous_13)","line":180,"loc":{"start":{"line":180,"column":75},"end":{"line":183,"column":10}},"skip":true}},"statementMap":{"1":{"start":{"line":12,"column":0},"end":{"line":195,"column":5}},"2":{"start":{"line":14,"column":4},"end":{"line":14,"column":14}},"3":{"start":{"line":19,"column":4},"end":{"line":56,"column":9}},"4":{"start":{"line":21,"column":8},"end":{"line":21,"column":19}},"5":{"start":{"line":23,"column":8},"end":{"line":35,"column":13}},"6":{"start":{"line":24,"column":12},"end":{"line":34,"column":13}},"7":{"start":{"line":25,"column":16},"end":{"line":28,"column":30}},"8":{"start":{"line":30,"column":16},"end":{"line":33,"column":27}},"9":{"start":{"line":37,"column":8},"end":{"line":39,"column":21}},"10":{"start":{"line":40,"column":8},"end":{"line":53,"column":9}},"11":{"start":{"line":43,"column":12},"end":{"line":46,"column":14}},"12":{"start":{"line":47,"column":12},"end":{"line":47,"column":18}},"13":{"start":{"line":50,"column":12},"end":{"line":51,"column":46}},"14":{"start":{"line":52,"column":12},"end":{"line":52,"column":18}},"15":{"start":{"line":55,"column":8},"end":{"line":55,"column":35}},"16":{"start":{"line":61,"column":4},"end":{"line":63,"column":9}},"17":{"start":{"line":62,"column":8},"end":{"line":62,"column":15}},"18":{"start":{"line":64,"column":4},"end":{"line":77,"column":5}},"19":{"start":{"line":70,"column":8},"end":{"line":70,"column":14}},"20":{"start":{"line":76,"column":8},"end":{"line":76,"column":14}},"21":{"start":{"line":82,"column":4},"end":{"line":84,"column":9}},"22":{"start":{"line":83,"column":8},"end":{"line":83,"column":15}},"23":{"start":{"line":85,"column":4},"end":{"line":194,"column":5}},"24":{"start":{"line":91,"column":8},"end":{"line":99,"column":10}},"25":{"start":{"line":98,"column":12},"end":{"line":98,"column":35}},"26":{"start":{"line":102,"column":8},"end":{"line":104,"column":63}},"27":{"start":{"line":105,"column":8},"end":{"line":105,"column":14}},"28":{"start":{"line":112,"column":8},"end":{"line":121,"column":10},"skip":true},"29":{"start":{"line":119,"column":12},"end":{"line":119,"column":55},"skip":true},"30":{"start":{"line":120,"column":12},"end":{"line":120,"column":48},"skip":true},"31":{"start":{"line":123,"column":8},"end":{"line":136,"column":10},"skip":true},"32":{"start":{"line":130,"column":12},"end":{"line":130,"column":76},"skip":true},"33":{"start":{"line":131,"column":12},"end":{"line":131,"column":73},"skip":true},"34":{"start":{"line":132,"column":12},"end":{"line":132,"column":74},"skip":true},"35":{"start":{"line":133,"column":12},"end":{"line":133,"column":79},"skip":true},"36":{"start":{"line":134,"column":12},"end":{"line":134,"column":25},"skip":true},"37":{"start":{"line":135,"column":12},"end":{"line":135,"column":45},"skip":true},"38":{"start":{"line":138,"column":8},"end":{"line":145,"column":14},"skip":true},"39":{"start":{"line":143,"column":16},"end":{"line":143,"column":29},"skip":true},"40":{"start":{"line":144,"column":16},"end":{"line":144,"column":55},"skip":true},"41":{"start":{"line":147,"column":8},"end":{"line":156,"column":10},"skip":true},"42":{"start":{"line":154,"column":12},"end":{"line":154,"column":25},"skip":true},"43":{"start":{"line":155,"column":12},"end":{"line":155,"column":45},"skip":true},"44":{"start":{"line":158,"column":8},"end":{"line":167,"column":10},"skip":true},"45":{"start":{"line":165,"column":12},"end":{"line":165,"column":25},"skip":true},"46":{"start":{"line":166,"column":12},"end":{"line":166,"column":48},"skip":true},"47":{"start":{"line":169,"column":8},"end":{"line":178,"column":10},"skip":true},"48":{"start":{"line":176,"column":12},"end":{"line":176,"column":25},"skip":true},"49":{"start":{"line":177,"column":12},"end":{"line":177,"column":46},"skip":true},"50":{"start":{"line":180,"column":8},"end":{"line":189,"column":10},"skip":true},"51":{"start":{"line":187,"column":12},"end":{"line":187,"column":94},"skip":true},"52":{"start":{"line":188,"column":12},"end":{"line":188,"column":48},"skip":true},"53":{"start":{"line":192,"column":8},"end":{"line":192,"column":35},"skip":true},"54":{"start":{"line":193,"column":8},"end":{"line":193,"column":14},"skip":true}},"branchMap":{"1":{"line":25,"type":"binary-expr","locations":[{"start":{"line":25,"column":23},"end":{"line":25,"column":62}},{"start":{"line":26,"column":20},"end":{"line":26,"column":70}},{"start":{"line":27,"column":20},"end":{"line":27,"column":71}},{"start":{"line":28,"column":20},"end":{"line":28,"column":29}}]},"2":{"line":30,"type":"binary-expr","locations":[{"start":{"line":30,"column":23},"end":{"line":30,"column":37}},{"start":{"line":31,"column":20},"end":{"line":31,"column":61}},{"start":{"line":32,"column":20},"end":{"line":32,"column":70}},{"start":{"line":33,"column":20},"end":{"line":33,"column":26}}]},"3":{"line":37,"type":"cond-expr","locations":[{"start":{"line":38,"column":14},"end":{"line":38,"column":20}},{"start":{"line":39,"column":14},"end":{"line":39,"column":20}}]},"4":{"line":40,"type":"switch","locations":[{"start":{"line":42,"column":8},"end":{"line":47,"column":18}},{"start":{"line":49,"column":8},"end":{"line":52,"column":18}}]},"5":{"line":44,"type":"binary-expr","locations":[{"start":{"line":44,"column":16},"end":{"line":44,"column":44}},{"start":{"line":44,"column":48},"end":{"line":44,"column":66}}]},"6":{"line":50,"type":"binary-expr","locations":[{"start":{"line":50,"column":21},"end":{"line":50,"column":49}},{"start":{"line":50,"column":53},"end":{"line":50,"column":72}}]},"7":{"line":64,"type":"switch","locations":[{"start":{"line":69,"column":4},"end":{"line":70,"column":14}},{"start":{"line":75,"column":4},"end":{"line":76,"column":14}}]},"8":{"line":85,"type":"switch","locations":[{"start":{"line":90,"column":4},"end":{"line":105,"column":14}},{"start":{"line":111,"column":4},"end":{"line":193,"column":14},"skip":true}]},"9":{"line":91,"type":"binary-expr","locations":[{"start":{"line":91,"column":42},"end":{"line":91,"column":73}},{"start":{"line":91,"column":77},"end":{"line":99,"column":9}}]},"10":{"line":102,"type":"binary-expr","locations":[{"start":{"line":102,"column":18},"end":{"line":102,"column":32}},{"start":{"line":103,"column":12},"end":{"line":103,"column":53}},{"start":{"line":104,"column":12},"end":{"line":104,"column":61}}]},"11":{"line":112,"type":"binary-expr","locations":[{"start":{"line":112,"column":45},"end":{"line":112,"column":79},"skip":true},{"start":{"line":112,"column":83},"end":{"line":121,"column":9},"skip":true}]},"12":{"line":123,"type":"binary-expr","locations":[{"start":{"line":123,"column":42},"end":{"line":123,"column":73},"skip":true},{"start":{"line":123,"column":77},"end":{"line":136,"column":9},"skip":true}]},"13":{"line":138,"type":"binary-expr","locations":[{"start":{"line":138,"column":48},"end":{"line":138,"column":85},"skip":true},{"start":{"line":139,"column":12},"end":{"line":145,"column":13},"skip":true}]},"14":{"line":147,"type":"binary-expr","locations":[{"start":{"line":147,"column":42},"end":{"line":147,"column":73},"skip":true},{"start":{"line":147,"column":77},"end":{"line":156,"column":9},"skip":true}]},"15":{"line":158,"type":"binary-expr","locations":[{"start":{"line":158,"column":45},"end":{"line":158,"column":79},"skip":true},{"start":{"line":158,"column":83},"end":{"line":167,"column":9},"skip":true}]},"16":{"line":169,"type":"binary-expr","locations":[{"start":{"line":169,"column":43},"end":{"line":169,"column":75},"skip":true},{"start":{"line":169,"column":79},"end":{"line":178,"column":9},"skip":true}]},"17":{"line":180,"type":"binary-expr","locations":[{"start":{"line":180,"column":41},"end":{"line":180,"column":71},"skip":true},{"start":{"line":180,"column":75},"end":{"line":189,"column":9},"skip":true}]}},"code":["/* istanbul instrument in package npmtest_min_document */","/*jslint","    bitwise: true,","    browser: true,","    maxerr: 8,","    maxlen: 96,","    node: true,","    nomen: true,","    regexp: true,","    stupid: true","*/","(function () {","    'use strict';","    var local;","","","","    // run shared js-env code - pre-init","    (function () {","        // init local","        local = {};","        // init modeJs","        local.modeJs = (function () {","            try {","                return typeof navigator.userAgent === 'string' &&","                    typeof document.querySelector('body') === 'object' &&","                    typeof XMLHttpRequest.prototype.open === 'function' &&","                    'browser';","            } catch (errorCaughtBrowser) {","                return module.exports &&","                    typeof process.versions.node === 'string' &&","                    typeof require('http').createServer === 'function' &&","                    'node';","            }","        }());","        // init global","        local.global = local.modeJs === 'browser'","            ? window","            : global;","        switch (local.modeJs) {","        // re-init local from window.local","        case 'browser':","            local = local.global.utility2.objectSetDefault(","                local.global.utility2_rollup || local.global.local,","                local.global.utility2","            );","            break;","        // re-init local from example.js","        case 'node':","            local = (local.global.utility2_rollup || require('utility2'))","                .requireExampleJsFromReadme();","            break;","        }","        // export local","        local.global.local = local;","    }());","","","","    // run shared js-env code - function","    (function () {","        return;","    }());","    switch (local.modeJs) {","","","","    // run browser js-env code - function","    case 'browser':","        break;","","","","    // run node js-env code - function","    case 'node':","        break;","    }","","","","    // run shared js-env code - post-init","    (function () {","        return;","    }());","    switch (local.modeJs) {","","","","    // run browser js-env code - post-init","    case 'browser':","        local.testCase_browser_nullCase = local.testCase_browser_nullCase || function (","            options,","            onError","        ) {","        /*","         * this function will test browsers's null-case handling-behavior-behavior","         */","            onError(null, options);","        };","","        // run tests","        local.nop(local.modeTest &&","            document.querySelector('#testRunButton1') &&","            document.querySelector('#testRunButton1').click());","        break;","","","","    // run node js-env code - post-init","    /* istanbul ignore next */","    case 'node':","        local.testCase_buildApidoc_default = local.testCase_buildApidoc_default || function (","            options,","            onError","        ) {","        /*","         * this function will test buildApidoc's default handling-behavior-behavior","         */","            options = { modulePathList: module.paths };","            local.buildApidoc(options, onError);","        };","","        local.testCase_buildApp_default = local.testCase_buildApp_default || function (","            options,","            onError","        ) {","        /*","         * this function will test buildApp's default handling-behavior-behavior","         */","            local.testCase_buildReadme_default(options, local.onErrorThrow);","            local.testCase_buildLib_default(options, local.onErrorThrow);","            local.testCase_buildTest_default(options, local.onErrorThrow);","            local.testCase_buildCustomOrg_default(options, local.onErrorThrow);","            options = [];","            local.buildApp(options, onError);","        };","","        local.testCase_buildCustomOrg_default = local.testCase_buildCustomOrg_default ||","            function (options, onError) {","            /*","             * this function will test buildCustomOrg's default handling-behavior","             */","                options = {};","                local.buildCustomOrg(options, onError);","            };","","        local.testCase_buildLib_default = local.testCase_buildLib_default || function (","            options,","            onError","        ) {","        /*","         * this function will test buildLib's default handling-behavior","         */","            options = {};","            local.buildLib(options, onError);","        };","","        local.testCase_buildReadme_default = local.testCase_buildReadme_default || function (","            options,","            onError","        ) {","        /*","         * this function will test buildReadme's default handling-behavior-behavior","         */","            options = {};","            local.buildReadme(options, onError);","        };","","        local.testCase_buildTest_default = local.testCase_buildTest_default || function (","            options,","            onError","        ) {","        /*","         * this function will test buildTest's default handling-behavior","         */","            options = {};","            local.buildTest(options, onError);","        };","","        local.testCase_webpage_default = local.testCase_webpage_default || function (","            options,","            onError","        ) {","        /*","         * this function will test webpage's default handling-behavior","         */","            options = { modeCoverageMerge: true, url: local.serverLocalHost + '?modeTest=1' };","            local.browserTest(options, onError);","        };","","        // run test-server","        local.testRunServer(local);","        break;","    }","}());",""],"l":{"12":2,"14":2,"19":2,"21":2,"23":2,"24":2,"25":2,"30":1,"37":2,"40":2,"43":1,"47":1,"50":1,"52":1,"55":2,"61":2,"62":2,"64":2,"70":1,"76":1,"82":2,"83":2,"85":2,"91":1,"98":1,"102":1,"105":1,"112":1,"119":1,"120":1,"123":1,"130":1,"131":1,"132":1,"133":1,"134":1,"135":1,"138":1,"143":2,"144":2,"147":1,"154":2,"155":2,"158":1,"165":2,"166":2,"169":1,"176":2,"177":2,"180":1,"187":1,"188":1,"192":1,"193":1}},"/home/travis/build/npmtest/node-npmtest-min-document/lib.npmtest_min_document.js":{"path":"/home/travis/build/npmtest/node-npmtest-min-document/lib.npmtest_min_document.js","s":{"1":2,"2":2,"3":2,"4":2,"5":2,"6":2,"7":2,"8":1,"9":2,"10":2,"11":2,"12":2,"13":1,"14":1,"15":1,"16":1},"b":{"1":[2,1,1,1],"2":[1,1,1,1],"3":[1,1],"4":[2,2],"5":[1,1]},"f":{"1":2,"2":2,"3":2},"fnMap":{"1":{"name":"(anonymous_1)","line":12,"loc":{"start":{"line":12,"column":1},"end":{"line":12,"column":13}}},"2":{"name":"(anonymous_2)","line":19,"loc":{"start":{"line":19,"column":5},"end":{"line":19,"column":17}}},"3":{"name":"(anonymous_3)","line":23,"loc":{"start":{"line":23,"column":24},"end":{"line":23,"column":36}}}},"statementMap":{"1":{"start":{"line":12,"column":0},"end":{"line":53,"column":5}},"2":{"start":{"line":14,"column":4},"end":{"line":14,"column":14}},"3":{"start":{"line":19,"column":4},"end":{"line":52,"column":9}},"4":{"start":{"line":21,"column":8},"end":{"line":21,"column":19}},"5":{"start":{"line":23,"column":8},"end":{"line":35,"column":13}},"6":{"start":{"line":24,"column":12},"end":{"line":34,"column":13}},"7":{"start":{"line":25,"column":16},"end":{"line":28,"column":30}},"8":{"start":{"line":30,"column":16},"end":{"line":33,"column":27}},"9":{"start":{"line":37,"column":8},"end":{"line":39,"column":21}},"10":{"start":{"line":41,"column":8},"end":{"line":41,"column":54}},"11":{"start":{"line":43,"column":8},"end":{"line":43,"column":57}},"12":{"start":{"line":45,"column":8},"end":{"line":51,"column":9}},"13":{"start":{"line":46,"column":12},"end":{"line":46,"column":63}},"14":{"start":{"line":48,"column":12},"end":{"line":48,"column":35}},"15":{"start":{"line":49,"column":12},"end":{"line":49,"column":49}},"16":{"start":{"line":50,"column":12},"end":{"line":50,"column":43}}},"branchMap":{"1":{"line":25,"type":"binary-expr","locations":[{"start":{"line":25,"column":23},"end":{"line":25,"column":62}},{"start":{"line":26,"column":20},"end":{"line":26,"column":70}},{"start":{"line":27,"column":20},"end":{"line":27,"column":71}},{"start":{"line":28,"column":20},"end":{"line":28,"column":29}}]},"2":{"line":30,"type":"binary-expr","locations":[{"start":{"line":30,"column":23},"end":{"line":30,"column":37}},{"start":{"line":31,"column":20},"end":{"line":31,"column":61}},{"start":{"line":32,"column":20},"end":{"line":32,"column":70}},{"start":{"line":33,"column":20},"end":{"line":33,"column":26}}]},"3":{"line":37,"type":"cond-expr","locations":[{"start":{"line":38,"column":14},"end":{"line":38,"column":20}},{"start":{"line":39,"column":14},"end":{"line":39,"column":20}}]},"4":{"line":41,"type":"binary-expr","locations":[{"start":{"line":41,"column":16},"end":{"line":41,"column":44}},{"start":{"line":41,"column":48},"end":{"line":41,"column":53}}]},"5":{"line":45,"type":"if","locations":[{"start":{"line":45,"column":8},"end":{"line":45,"column":8}},{"start":{"line":45,"column":8},"end":{"line":45,"column":8}}]}},"code":["/* istanbul instrument in package npmtest_min_document */","/*jslint","    bitwise: true,","    browser: true,","    maxerr: 8,","    maxlen: 96,","    node: true,","    nomen: true,","    regexp: true,","    stupid: true","*/","(function () {","    'use strict';","    var local;","","","","    // run shared js-env code - pre-init","    (function () {","        // init local","        local = {};","        // init modeJs","        local.modeJs = (function () {","            try {","                return typeof navigator.userAgent === 'string' &&","                    typeof document.querySelector('body') === 'object' &&","                    typeof XMLHttpRequest.prototype.open === 'function' &&","                    'browser';","            } catch (errorCaughtBrowser) {","                return module.exports &&","                    typeof process.versions.node === 'string' &&","                    typeof require('http').createServer === 'function' &&","                    'node';","            }","        }());","        // init global","        local.global = local.modeJs === 'browser'","            ? window","            : global;","        // init utility2_rollup","        local = local.global.utility2_rollup || local;","        // init lib","        local.local = local.npmtest_min_document = local;","        // init exports","        if (local.modeJs === 'browser') {","            local.global.utility2_npmtest_min_document = local;","        } else {","            module.exports = local;","            module.exports.__dirname = __dirname;","            module.exports.module = module;","        }","    }());","}());",""],"l":{"12":2,"14":2,"19":2,"21":2,"23":2,"24":2,"25":2,"30":1,"37":2,"41":2,"43":2,"45":2,"46":1,"48":1,"49":1,"50":1}},"/home/travis/build/npmtest/node-npmtest-min-document/example.js":{"path":"/home/travis/build/npmtest/node-npmtest-min-document/example.js","s":{"1":2,"2":2,"3":2,"4":2,"5":2,"6":2,"7":2,"8":1,"9":2,"10":2,"11":2,"12":2,"13":1,"14":2,"15":2,"16":2,"17":2,"18":2,"19":0,"20":2,"21":1,"22":1,"23":1,"24":1,"25":1,"26":0,"27":0,"28":1,"29":1,"30":2,"31":0,"32":0,"33":0,"34":1,"35":2,"36":2,"37":3,"38":3,"39":3,"40":3,"41":0,"42":3,"43":3,"44":3,"45":1,"46":3,"47":1,"48":1,"49":1,"50":1,"51":1,"52":1,"53":1,"54":1,"55":1,"56":1,"57":0,"58":1,"59":6,"60":6,"61":1,"62":2,"63":0,"64":2,"65":1,"66":1,"67":0,"68":0,"69":0,"70":0,"71":0,"72":0,"73":0,"74":0,"75":0,"76":0,"77":0,"78":0,"79":0,"80":0,"81":0,"82":0,"83":0},"b":{"1":[2,1,1,1],"2":[1,1,1,1],"3":[1,1],"4":[2,2],"5":[1,1],"6":[1,1],"7":[2,0],"8":[2,1,1,1,1,1],"9":[0,2,0],"10":[1,1],"11":[2,1,1],"12":[1,0],"13":[0,2],"14":[2,0,0,0,0,0,0],"15":[0,3],"16":[3,0],"17":[1,1],"18":[0,1],"19":[1,2,0,2],"20":[1,0],"21":[1,1],"22":[0,0],"23":[0,0],"24":[0,0],"25":[0,0],"26":[0,0],"27":[0,0],"28":[0,0]},"f":{"1":2,"2":2,"3":2,"4":2,"5":2,"6":2,"7":3,"8":3,"9":3,"10":1,"11":6,"12":0},"fnMap":{"1":{"name":"(anonymous_1)","line":26,"loc":{"start":{"line":26,"column":1},"end":{"line":26,"column":13}}},"2":{"name":"(anonymous_2)","line":33,"loc":{"start":{"line":33,"column":5},"end":{"line":33,"column":17}}},"3":{"name":"(anonymous_3)","line":37,"loc":{"start":{"line":37,"column":24},"end":{"line":37,"column":36}}},"4":{"name":"(anonymous_4)","line":69,"loc":{"start":{"line":69,"column":31},"end":{"line":69,"column":48}},"skip":true},"5":{"name":"(anonymous_5)","line":78,"loc":{"start":{"line":78,"column":26},"end":{"line":78,"column":45}},"skip":true},"6":{"name":"(anonymous_6)","line":123,"loc":{"start":{"line":123,"column":33},"end":{"line":123,"column":48}},"skip":true},"7":{"name":"(anonymous_7)","line":125,"loc":{"start":{"line":125,"column":27},"end":{"line":125,"column":39}},"skip":true},"8":{"name":"(anonymous_8)","line":133,"loc":{"start":{"line":133,"column":59},"end":{"line":133,"column":74}},"skip":true},"9":{"name":"(anonymous_9)","line":143,"loc":{"start":{"line":143,"column":45},"end":{"line":143,"column":62}},"skip":true},"10":{"name":"(anonymous_10)","line":144,"loc":{"start":{"line":144,"column":73},"end":{"line":144,"column":92}},"skip":true},"11":{"name":"(anonymous_11)","line":272,"loc":{"start":{"line":272,"column":51},"end":{"line":272,"column":77}},"skip":true},"12":{"name":"(anonymous_12)","line":315,"loc":{"start":{"line":315,"column":32},"end":{"line":315,"column":61}},"skip":true}},"statementMap":{"1":{"start":{"line":26,"column":0},"end":{"line":326,"column":5}},"2":{"start":{"line":28,"column":4},"end":{"line":28,"column":14}},"3":{"start":{"line":33,"column":4},"end":{"line":60,"column":9}},"4":{"start":{"line":35,"column":8},"end":{"line":35,"column":19}},"5":{"start":{"line":37,"column":8},"end":{"line":49,"column":13}},"6":{"start":{"line":38,"column":12},"end":{"line":48,"column":13}},"7":{"start":{"line":39,"column":16},"end":{"line":42,"column":30}},"8":{"start":{"line":44,"column":16},"end":{"line":47,"column":27}},"9":{"start":{"line":51,"column":8},"end":{"line":53,"column":21}},"10":{"start":{"line":55,"column":8},"end":{"line":57,"column":45}},"11":{"start":{"line":59,"column":8},"end":{"line":59,"column":35}},"12":{"start":{"line":61,"column":4},"end":{"line":325,"column":5}},"13":{"start":{"line":69,"column":8},"end":{"line":121,"column":10},"skip":true},"14":{"start":{"line":70,"column":12},"end":{"line":88,"column":13},"skip":true},"15":{"start":{"line":76,"column":16},"end":{"line":87,"column":19},"skip":true},"16":{"start":{"line":79,"column":20},"end":{"line":86,"column":21},"skip":true},"17":{"start":{"line":82,"column":24},"end":{"line":82,"column":43},"skip":true},"18":{"start":{"line":83,"column":24},"end":{"line":83,"column":30},"skip":true},"19":{"start":{"line":85,"column":24},"end":{"line":85,"column":49},"skip":true},"20":{"start":{"line":89,"column":12},"end":{"line":107,"column":13},"skip":true},"21":{"start":{"line":92,"column":16},"end":{"line":102,"column":17},"skip":true},"22":{"start":{"line":93,"column":20},"end":{"line":93,"column":86},"skip":true},"23":{"start":{"line":94,"column":20},"end":{"line":95,"column":45},"skip":true},"24":{"start":{"line":96,"column":20},"end":{"line":96,"column":42},"skip":true},"25":{"start":{"line":97,"column":20},"end":{"line":97,"column":48},"skip":true},"26":{"start":{"line":100,"column":20},"end":{"line":100,"column":85},"skip":true},"27":{"start":{"line":101,"column":20},"end":{"line":101,"column":96},"skip":true},"28":{"start":{"line":103,"column":16},"end":{"line":103,"column":22},"skip":true},"29":{"start":{"line":106,"column":16},"end":{"line":106,"column":22},"skip":true},"30":{"start":{"line":108,"column":12},"end":{"line":120,"column":13},"skip":true},"31":{"start":{"line":114,"column":16},"end":{"line":119,"column":17},"skip":true},"32":{"start":{"line":116,"column":20},"end":{"line":116,"column":78},"skip":true},"33":{"start":{"line":118,"column":20},"end":{"line":118,"column":47},"skip":true},"34":{"start":{"line":123,"column":8},"end":{"line":141,"column":11},"skip":true},"35":{"start":{"line":124,"column":12},"end":{"line":124,"column":54},"skip":true},"36":{"start":{"line":125,"column":12},"end":{"line":140,"column":14},"skip":true},"37":{"start":{"line":126,"column":16},"end":{"line":126,"column":28},"skip":true},"38":{"start":{"line":127,"column":16},"end":{"line":127,"column":69},"skip":true},"39":{"start":{"line":128,"column":16},"end":{"line":128,"column":75},"skip":true},"40":{"start":{"line":129,"column":16},"end":{"line":131,"column":17},"skip":true},"41":{"start":{"line":130,"column":20},"end":{"line":130,"column":27},"skip":true},"42":{"start":{"line":133,"column":16},"end":{"line":137,"column":36},"skip":true},"43":{"start":{"line":134,"column":20},"end":{"line":136,"column":55},"skip":true},"44":{"start":{"line":139,"column":16},"end":{"line":139,"column":57},"skip":true},"45":{"start":{"line":143,"column":8},"end":{"line":147,"column":11},"skip":true},"46":{"start":{"line":144,"column":12},"end":{"line":146,"column":15},"skip":true},"47":{"start":{"line":145,"column":16},"end":{"line":145,"column":70},"skip":true},"48":{"start":{"line":149,"column":8},"end":{"line":149,"column":31},"skip":true},"49":{"start":{"line":150,"column":8},"end":{"line":150,"column":14},"skip":true},"50":{"start":{"line":158,"column":8},"end":{"line":158,"column":31},"skip":true},"51":{"start":{"line":160,"column":8},"end":{"line":160,"column":33},"skip":true},"52":{"start":{"line":161,"column":8},"end":{"line":161,"column":37},"skip":true},"53":{"start":{"line":162,"column":8},"end":{"line":162,"column":35},"skip":true},"54":{"start":{"line":164,"column":8},"end":{"line":164,"column":50},"skip":true},"55":{"start":{"line":166,"column":8},"end":{"line":256,"column":2},"skip":true},"56":{"start":{"line":258,"column":8},"end":{"line":286,"column":9},"skip":true},"57":{"start":{"line":259,"column":12},"end":{"line":269,"column":14},"skip":true},"58":{"start":{"line":271,"column":12},"end":{"line":285,"column":19},"skip":true},"59":{"start":{"line":274,"column":20},"end":{"line":274,"column":35},"skip":true},"60":{"start":{"line":275,"column":20},"end":{"line":284,"column":21},"skip":true},"61":{"start":{"line":277,"column":24},"end":{"line":277,"column":64},"skip":true},"62":{"start":{"line":279,"column":24},"end":{"line":279,"column":40},"skip":true},"63":{"start":{"line":281,"column":24},"end":{"line":281,"column":40},"skip":true},"64":{"start":{"line":283,"column":24},"end":{"line":283,"column":39},"skip":true},"65":{"start":{"line":288,"column":8},"end":{"line":290,"column":9},"skip":true},"66":{"start":{"line":289,"column":12},"end":{"line":289,"column":18},"skip":true},"67":{"start":{"line":291,"column":8},"end":{"line":293,"column":54},"skip":true},"68":{"start":{"line":296,"column":8},"end":{"line":301,"column":37},"skip":true},"69":{"start":{"line":303,"column":8},"end":{"line":303,"column":82},"skip":true},"70":{"start":{"line":306,"column":8},"end":{"line":308,"column":9},"skip":true},"71":{"start":{"line":307,"column":12},"end":{"line":307,"column":82},"skip":true},"72":{"start":{"line":310,"column":8},"end":{"line":312,"column":9},"skip":true},"73":{"start":{"line":311,"column":12},"end":{"line":311,"column":18},"skip":true},"74":{"start":{"line":313,"column":8},"end":{"line":313,"column":54},"skip":true},"75":{"start":{"line":314,"column":8},"end":{"line":314,"column":69},"skip":true},"76":{"start":{"line":315,"column":8},"end":{"line":323,"column":36},"skip":true},"77":{"start":{"line":316,"column":12},"end":{"line":316,"column":61},"skip":true},"78":{"start":{"line":317,"column":12},"end":{"line":320,"column":13},"skip":true},"79":{"start":{"line":318,"column":16},"end":{"line":318,"column":75},"skip":true},"80":{"start":{"line":319,"column":16},"end":{"line":319,"column":23},"skip":true},"81":{"start":{"line":321,"column":12},"end":{"line":321,"column":38},"skip":true},"82":{"start":{"line":322,"column":12},"end":{"line":322,"column":27},"skip":true},"83":{"start":{"line":324,"column":8},"end":{"line":324,"column":14},"skip":true}},"branchMap":{"1":{"line":39,"type":"binary-expr","locations":[{"start":{"line":39,"column":23},"end":{"line":39,"column":62}},{"start":{"line":40,"column":20},"end":{"line":40,"column":70}},{"start":{"line":41,"column":20},"end":{"line":41,"column":71}},{"start":{"line":42,"column":20},"end":{"line":42,"column":29}}]},"2":{"line":44,"type":"binary-expr","locations":[{"start":{"line":44,"column":23},"end":{"line":44,"column":37}},{"start":{"line":45,"column":20},"end":{"line":45,"column":61}},{"start":{"line":46,"column":20},"end":{"line":46,"column":70}},{"start":{"line":47,"column":20},"end":{"line":47,"column":26}}]},"3":{"line":51,"type":"cond-expr","locations":[{"start":{"line":52,"column":14},"end":{"line":52,"column":20}},{"start":{"line":53,"column":14},"end":{"line":53,"column":20}}]},"4":{"line":55,"type":"binary-expr","locations":[{"start":{"line":55,"column":16},"end":{"line":55,"column":44}},{"start":{"line":55,"column":49},"end":{"line":57,"column":43}}]},"5":{"line":55,"type":"cond-expr","locations":[{"start":{"line":56,"column":14},"end":{"line":56,"column":56}},{"start":{"line":57,"column":14},"end":{"line":57,"column":43}}]},"6":{"line":61,"type":"switch","locations":[{"start":{"line":68,"column":4},"end":{"line":150,"column":14},"skip":true},{"start":{"line":156,"column":4},"end":{"line":324,"column":14},"skip":true}]},"7":{"line":70,"type":"if","locations":[{"start":{"line":70,"column":12},"end":{"line":70,"column":12},"skip":true},{"start":{"line":70,"column":12},"end":{"line":70,"column":12},"skip":true}]},"8":{"line":70,"type":"binary-expr","locations":[{"start":{"line":70,"column":16},"end":{"line":70,"column":22},"skip":true},{"start":{"line":70,"column":27},"end":{"line":70,"column":32},"skip":true},{"start":{"line":71,"column":20},"end":{"line":71,"column":39},"skip":true},{"start":{"line":72,"column":20},"end":{"line":72,"column":49},"skip":true},{"start":{"line":73,"column":20},"end":{"line":73,"column":58},"skip":true},{"start":{"line":74,"column":20},"end":{"line":74,"column":69},"skip":true}]},"9":{"line":79,"type":"switch","locations":[{"start":{"line":80,"column":20},"end":{"line":80,"column":33},"skip":true},{"start":{"line":81,"column":20},"end":{"line":83,"column":30},"skip":true},{"start":{"line":84,"column":20},"end":{"line":85,"column":49},"skip":true}]},"10":{"line":89,"type":"switch","locations":[{"start":{"line":90,"column":12},"end":{"line":103,"column":22},"skip":true},{"start":{"line":105,"column":12},"end":{"line":106,"column":22},"skip":true}]},"11":{"line":89,"type":"binary-expr","locations":[{"start":{"line":89,"column":20},"end":{"line":89,"column":25},"skip":true},{"start":{"line":89,"column":29},"end":{"line":89,"column":48},"skip":true},{"start":{"line":89,"column":52},"end":{"line":89,"column":74},"skip":true}]},"12":{"line":92,"type":"if","locations":[{"start":{"line":92,"column":16},"end":{"line":92,"column":16},"skip":true},{"start":{"line":92,"column":16},"end":{"line":92,"column":16},"skip":true}]},"13":{"line":108,"type":"if","locations":[{"start":{"line":108,"column":12},"end":{"line":108,"column":12},"skip":true},{"start":{"line":108,"column":12},"end":{"line":108,"column":12},"skip":true}]},"14":{"line":108,"type":"binary-expr","locations":[{"start":{"line":108,"column":16},"end":{"line":108,"column":61},"skip":true},{"start":{"line":108,"column":66},"end":{"line":108,"column":72},"skip":true},{"start":{"line":108,"column":77},"end":{"line":108,"column":82},"skip":true},{"start":{"line":109,"column":20},"end":{"line":109,"column":39},"skip":true},{"start":{"line":110,"column":20},"end":{"line":110,"column":49},"skip":true},{"start":{"line":111,"column":20},"end":{"line":111,"column":58},"skip":true},{"start":{"line":112,"column":20},"end":{"line":112,"column":68},"skip":true}]},"15":{"line":129,"type":"if","locations":[{"start":{"line":129,"column":16},"end":{"line":129,"column":16},"skip":true},{"start":{"line":129,"column":16},"end":{"line":129,"column":16},"skip":true}]},"16":{"line":134,"type":"cond-expr","locations":[{"start":{"line":135,"column":26},"end":{"line":135,"column":29},"skip":true},{"start":{"line":136,"column":26},"end":{"line":136,"column":54},"skip":true}]},"17":{"line":164,"type":"binary-expr","locations":[{"start":{"line":164,"column":27},"end":{"line":164,"column":43},"skip":true},{"start":{"line":164,"column":47},"end":{"line":164,"column":49},"skip":true}]},"18":{"line":258,"type":"if","locations":[{"start":{"line":258,"column":8},"end":{"line":258,"column":8},"skip":true},{"start":{"line":258,"column":8},"end":{"line":258,"column":8},"skip":true}]},"19":{"line":275,"type":"switch","locations":[{"start":{"line":276,"column":20},"end":{"line":277,"column":64},"skip":true},{"start":{"line":278,"column":20},"end":{"line":279,"column":40},"skip":true},{"start":{"line":280,"column":20},"end":{"line":281,"column":40},"skip":true},{"start":{"line":282,"column":20},"end":{"line":283,"column":39},"skip":true}]},"20":{"line":288,"type":"if","locations":[{"start":{"line":288,"column":8},"end":{"line":288,"column":8},"skip":true},{"start":{"line":288,"column":8},"end":{"line":288,"column":8},"skip":true}]},"21":{"line":288,"type":"binary-expr","locations":[{"start":{"line":288,"column":12},"end":{"line":288,"column":40},"skip":true},{"start":{"line":288,"column":44},"end":{"line":288,"column":67},"skip":true}]},"22":{"line":292,"type":"binary-expr","locations":[{"start":{"line":292,"column":12},"end":{"line":292,"column":50},"skip":true},{"start":{"line":293,"column":12},"end":{"line":293,"column":53},"skip":true}]},"23":{"line":297,"type":"binary-expr","locations":[{"start":{"line":297,"column":12},"end":{"line":297,"column":70},"skip":true},{"start":{"line":298,"column":12},"end":{"line":301,"column":36},"skip":true}]},"24":{"line":303,"type":"binary-expr","locations":[{"start":{"line":303,"column":43},"end":{"line":303,"column":75},"skip":true},{"start":{"line":303,"column":79},"end":{"line":303,"column":81},"skip":true}]},"25":{"line":306,"type":"if","locations":[{"start":{"line":306,"column":8},"end":{"line":306,"column":8},"skip":true},{"start":{"line":306,"column":8},"end":{"line":306,"column":8},"skip":true}]},"26":{"line":310,"type":"if","locations":[{"start":{"line":310,"column":8},"end":{"line":310,"column":8},"skip":true},{"start":{"line":310,"column":8},"end":{"line":310,"column":8},"skip":true}]},"27":{"line":313,"type":"binary-expr","locations":[{"start":{"line":313,"column":27},"end":{"line":313,"column":43},"skip":true},{"start":{"line":313,"column":47},"end":{"line":313,"column":53},"skip":true}]},"28":{"line":317,"type":"if","locations":[{"start":{"line":317,"column":12},"end":{"line":317,"column":12},"skip":true},{"start":{"line":317,"column":12},"end":{"line":317,"column":12},"skip":true}]}},"code":["/*","example.js","","quickstart example","","instruction","    1. save this script as example.js","    2. run the shell command:","        $ npm install npmtest-min-document && PORT=8081 node example.js","    3. play with the browser-demo on http://127.0.0.1:8081","*/","","","","/* istanbul instrument in package npmtest_min_document */","/*jslint","    bitwise: true,","    browser: true,","    maxerr: 8,","    maxlen: 96,","    node: true,","    nomen: true,","    regexp: true,","    stupid: true","*/","(function () {","    'use strict';","    var local;","","","","    // run shared js-env code - pre-init","    (function () {","        // init local","        local = {};","        // init modeJs","        local.modeJs = (function () {","            try {","                return typeof navigator.userAgent === 'string' &&","                    typeof document.querySelector('body') === 'object' &&","                    typeof XMLHttpRequest.prototype.open === 'function' &&","                    'browser';","            } catch (errorCaughtBrowser) {","                return module.exports &&","                    typeof process.versions.node === 'string' &&","                    typeof require('http').createServer === 'function' &&","                    'node';","            }","        }());","        // init global","        local.global = local.modeJs === 'browser'","            ? window","            : global;","        // init utility2_rollup","        local = local.global.utility2_rollup || (local.modeJs === 'browser'","            ? local.global.utility2_npmtest_min_document","            : global.utility2_moduleExports);","        // export local","        local.global.local = local;","    }());","    switch (local.modeJs) {","","","","    // post-init","    // run browser js-env code - post-init","    /* istanbul ignore next */","    case 'browser':","        local.testRunBrowser = function (event) {","            if (!event || (event &&","                    event.currentTarget &&","                    event.currentTarget.className &&","                    event.currentTarget.className.includes &&","                    event.currentTarget.className.includes('onreset'))) {","                // reset output","                Array.from(","                    document.querySelectorAll('body > .resettable')","                ).forEach(function (element) {","                    switch (element.tagName) {","                    case 'INPUT':","                    case 'TEXTAREA':","                        element.value = '';","                        break;","                    default:","                        element.textContent = '';","                    }","                });","            }","            switch (event && event.currentTarget && event.currentTarget.id) {","            case 'testRunButton1':","                // show tests","                if (document.querySelector('#testReportDiv1').style.display === 'none') {","                    document.querySelector('#testReportDiv1').style.display = 'block';","                    document.querySelector('#testRunButton1').textContent =","                        'hide internal test';","                    local.modeTest = true;","                    local.testRunDefault(local);","                // hide tests","                } else {","                    document.querySelector('#testReportDiv1').style.display = 'none';","                    document.querySelector('#testRunButton1').textContent = 'run internal test';","                }","                break;","            // custom-case","            default:","                break;","            }","            if (document.querySelector('#inputTextareaEval1') && (!event || (event &&","                    event.currentTarget &&","                    event.currentTarget.className &&","                    event.currentTarget.className.includes &&","                    event.currentTarget.className.includes('oneval')))) {","                // try to eval input-code","                try {","                    /*jslint evil: true*/","                    eval(document.querySelector('#inputTextareaEval1').value);","                } catch (errorCaught) {","                    console.error(errorCaught);","                }","            }","        };","        // log stderr and stdout to #outputTextareaStdout1","        ['error', 'log'].forEach(function (key) {","            console[key + '_original'] = console[key];","            console[key] = function () {","                var element;","                console[key + '_original'].apply(console, arguments);","                element = document.querySelector('#outputTextareaStdout1');","                if (!element) {","                    return;","                }","                // append text to #outputTextareaStdout1","                element.value += Array.from(arguments).map(function (arg) {","                    return typeof arg === 'string'","                        ? arg","                        : JSON.stringify(arg, null, 4);","                }).join(' ') + '\\n';","                // scroll textarea to bottom","                element.scrollTop = element.scrollHeight;","            };","        });","        // init event-handling","        ['change', 'click', 'keyup'].forEach(function (event) {","            Array.from(document.querySelectorAll('.on' + event)).forEach(function (element) {","                element.addEventListener(event, local.testRunBrowser);","            });","        });","        // run tests","        local.testRunBrowser();","        break;","","","","    // run node js-env code - post-init","    /* istanbul ignore next */","    case 'node':","        // export local","        module.exports = local;","        // require modules","        local.fs = require('fs');","        local.http = require('http');","        local.url = require('url');","        // init assets","        local.assetsDict = local.assetsDict || {};","        /* jslint-ignore-begin */","        local.assetsDict['/assets.index.template.html'] = '\\","<!doctype html>\\n\\","<html lang=\"en\">\\n\\","<head>\\n\\","<meta charset=\"UTF-8\">\\n\\","<meta name=\"viewport\" content=\"width=device-width, initial-scale=1\">\\n\\","<title>{{env.npm_package_name}} (v{{env.npm_package_version}})</title>\\n\\","<style>\\n\\","/*csslint\\n\\","    box-sizing: false,\\n\\","    universal-selector: false\\n\\","*/\\n\\","* {\\n\\","    box-sizing: border-box;\\n\\","}\\n\\","body {\\n\\","    background: #dde;\\n\\","    font-family: Arial, Helvetica, sans-serif;\\n\\","    margin: 2rem;\\n\\","}\\n\\","body > * {\\n\\","    margin-bottom: 1rem;\\n\\","}\\n\\",".utility2FooterDiv {\\n\\","    margin-top: 20px;\\n\\","    text-align: center;\\n\\","}\\n\\","</style>\\n\\","<style>\\n\\","/*csslint\\n\\","*/\\n\\","textarea {\\n\\","    font-family: monospace;\\n\\","    height: 10rem;\\n\\","    width: 100%;\\n\\","}\\n\\","textarea[readonly] {\\n\\","    background: #ddd;\\n\\","}\\n\\","</style>\\n\\","</head>\\n\\","<body>\\n\\","<!-- utility2-comment\\n\\","<div id=\"ajaxProgressDiv1\" style=\"background: #d00; height: 2px; left: 0; margin: 0; padding: 0; position: fixed; top: 0; transition: background 0.5s, width 1.5s; width: 25%;\"></div>\\n\\","utility2-comment -->\\n\\","<h1>\\n\\","<!-- utility2-comment\\n\\","    <a\\n\\","        {{#if env.npm_package_homepage}}\\n\\","        href=\"{{env.npm_package_homepage}}\"\\n\\","        {{/if env.npm_package_homepage}}\\n\\","        target=\"_blank\"\\n\\","    >\\n\\","utility2-comment -->\\n\\","        {{env.npm_package_name}} (v{{env.npm_package_version}})\\n\\","<!-- utility2-comment\\n\\","    </a>\\n\\","utility2-comment -->\\n\\","</h1>\\n\\","<h3>{{env.npm_package_description}}</h3>\\n\\","<!-- utility2-comment\\n\\","<h4><a download href=\"assets.app.js\">download standalone app</a></h4>\\n\\","<button class=\"onclick onreset\" id=\"testRunButton1\">run internal test</button><br>\\n\\","<div id=\"testReportDiv1\" style=\"display: none;\"></div>\\n\\","utility2-comment -->\\n\\","\\n\\","\\n\\","\\n\\","<label>stderr and stdout</label>\\n\\","<textarea class=\"resettable\" id=\"outputTextareaStdout1\" readonly></textarea>\\n\\","<!-- utility2-comment\\n\\","{{#if isRollup}}\\n\\","<script src=\"assets.app.js\"></script>\\n\\","{{#unless isRollup}}\\n\\","utility2-comment -->\\n\\","<script src=\"assets.utility2.rollup.js\"></script>\\n\\","<script src=\"jsonp.utility2._stateInit?callback=window.utility2._stateInit\"></script>\\n\\","<script src=\"assets.npmtest_min_document.rollup.js\"></script>\\n\\","<script src=\"assets.example.js\"></script>\\n\\","<script src=\"assets.test.js\"></script>\\n\\","<!-- utility2-comment\\n\\","{{/if isRollup}}\\n\\","utility2-comment -->\\n\\","<div class=\"utility2FooterDiv\">\\n\\","    [ this app was created with\\n\\","    <a href=\"https://github.com/kaizhu256/node-utility2\" target=\"_blank\">utility2</a>\\n\\","    ]\\n\\","</div>\\n\\","</body>\\n\\","</html>\\n\\","';","        /* jslint-ignore-end */","        if (local.templateRender) {","            local.assetsDict['/'] = local.templateRender(","                local.assetsDict['/assets.index.template.html'],","                {","                    env: local.objectSetDefault(local.env, {","                        npm_package_description: 'the greatest app in the world!',","                        npm_package_name: 'my-app',","                        npm_package_nameAlias: 'my_app',","                        npm_package_version: '0.0.1'","                    })","                }","            );","        } else {","            local.assetsDict['/'] = local.assetsDict['/assets.index.template.html']","                .replace((/\\{\\{env\\.(\\w+?)\\}\\}/g), function (match0, match1) {","                    // jslint-hack","                    String(match0);","                    switch (match1) {","                    case 'npm_package_description':","                        return 'the greatest app in the world!';","                    case 'npm_package_name':","                        return 'my-app';","                    case 'npm_package_nameAlias':","                        return 'my_app';","                    case 'npm_package_version':","                        return '0.0.1';","                    }","                });","        }","        // run the cli","        if (local.global.utility2_rollup || module !== require.main) {","            break;","        }","        local.assetsDict['/assets.example.js'] =","            local.assetsDict['/assets.example.js'] ||","            local.fs.readFileSync(__filename, 'utf8');","        // bug-workaround - long $npm_package_buildCustomOrg","        /* jslint-ignore-begin */","        local.assetsDict['/assets.npmtest_min_document.rollup.js'] =","            local.assetsDict['/assets.npmtest_min_document.rollup.js'] ||","            local.fs.readFileSync(","                local.npmtest_min_document.__dirname + '/lib.npmtest_min_document.js',","                'utf8'","            ).replace((/^#!/), '//');","        /* jslint-ignore-end */","        local.assetsDict['/favicon.ico'] = local.assetsDict['/favicon.ico'] || '';","        // if $npm_config_timeout_exit exists,","        // then exit this process after $npm_config_timeout_exit ms","        if (Number(process.env.npm_config_timeout_exit)) {","            setTimeout(process.exit, Number(process.env.npm_config_timeout_exit));","        }","        // start server","        if (local.global.utility2_serverHttp1) {","            break;","        }","        process.env.PORT = process.env.PORT || '8081';","        console.error('server starting on port ' + process.env.PORT);","        local.http.createServer(function (request, response) {","            request.urlParsed = local.url.parse(request.url);","            if (local.assetsDict[request.urlParsed.pathname] !== undefined) {","                response.end(local.assetsDict[request.urlParsed.pathname]);","                return;","            }","            response.statusCode = 404;","            response.end();","        }).listen(process.env.PORT);","        break;","    }","}());",""],"l":{"26":2,"28":2,"33":2,"35":2,"37":2,"38":2,"39":2,"44":1,"51":2,"55":2,"59":2,"61":2,"69":1,"70":2,"76":2,"79":2,"82":2,"83":2,"85":1,"89":2,"92":1,"93":1,"94":1,"96":1,"97":1,"100":1,"101":1,"103":1,"106":1,"108":2,"114":1,"116":1,"118":1,"123":1,"124":2,"125":2,"126":3,"127":3,"128":3,"129":3,"130":1,"133":3,"134":3,"139":3,"143":1,"144":3,"145":1,"149":1,"150":1,"158":1,"160":1,"161":1,"162":1,"164":1,"166":1,"258":1,"259":1,"271":1,"274":6,"275":6,"277":1,"279":2,"281":1,"283":2,"288":1,"289":1,"291":1,"296":1,"303":1,"306":1,"307":1,"310":1,"311":1,"313":1,"314":1,"315":1,"316":1,"317":1,"318":1,"319":1,"321":1,"322":1,"324":1}},"/home/travis/build/npmtest/node-npmtest-min-document/node_modules/min-document/index.js":{"path":"/home/travis/build/npmtest/node-npmtest-min-document/node_modules/min-document/index.js","s":{"1":1,"2":1},"b":{},"f":{},"fnMap":{},"statementMap":{"1":{"start":{"line":1,"column":0},"end":{"line":1,"column":40}},"2":{"start":{"line":3,"column":0},"end":{"line":3,"column":32}}},"branchMap":{},"code":["var Document = require('./document.js');","","module.exports = new Document();",""],"l":{"1":1,"3":1}},"/home/travis/build/npmtest/node-npmtest-min-document/node_modules/min-document/document.js":{"path":"/home/travis/build/npmtest/node-npmtest-min-document/node_modules/min-document/document.js","s":{"1":1,"2":1,"3":1,"4":1,"5":1,"6":1,"7":1,"8":1,"9":1,"10":1,"11":1,"12":1,"13":0,"14":1,"15":1,"16":1,"17":1,"18":1,"19":1,"20":1,"21":1,"22":1,"23":0,"24":1,"25":0,"26":0,"27":1,"28":3,"29":1,"30":0,"31":1,"32":0,"33":1,"34":0,"35":1,"36":0,"37":0,"38":0,"39":0,"40":0,"41":1,"42":1,"43":1,"44":1,"45":1,"46":1},"b":{"1":[0,1],"2":[0,0],"3":[0,0],"4":[0,0]},"f":{"1":1,"2":0,"3":0,"4":3,"5":0,"6":0,"7":0,"8":0,"9":0},"fnMap":{"1":{"name":"Document","line":14,"loc":{"start":{"line":14,"column":0},"end":{"line":14,"column":20}}},"2":{"name":"createTextNode","line":29,"loc":{"start":{"line":29,"column":23},"end":{"line":29,"column":54}}},"3":{"name":"createElementNS","line":33,"loc":{"start":{"line":33,"column":24},"end":{"line":33,"column":69}}},"4":{"name":"createElement","line":38,"loc":{"start":{"line":38,"column":22},"end":{"line":38,"column":54}}},"5":{"name":"createDocumentFragment","line":42,"loc":{"start":{"line":42,"column":31},"end":{"line":42,"column":65}}},"6":{"name":"createEvent","line":46,"loc":{"start":{"line":46,"column":20},"end":{"line":46,"column":49}}},"7":{"name":"createComment","line":50,"loc":{"start":{"line":50,"column":22},"end":{"line":50,"column":51}}},"8":{"name":"getElementById","line":54,"loc":{"start":{"line":54,"column":23},"end":{"line":54,"column":51}}},"9":{"name":"(anonymous_9)","line":57,"loc":{"start":{"line":57,"column":42},"end":{"line":57,"column":58}}}},"statementMap":{"1":{"start":{"line":1,"column":0},"end":{"line":1,"column":33}},"2":{"start":{"line":3,"column":0},"end":{"line":3,"column":41}},"3":{"start":{"line":4,"column":0},"end":{"line":4,"column":38}},"4":{"start":{"line":5,"column":0},"end":{"line":5,"column":44}},"5":{"start":{"line":6,"column":0},"end":{"line":6,"column":51}},"6":{"start":{"line":7,"column":0},"end":{"line":7,"column":33}},"7":{"start":{"line":8,"column":0},"end":{"line":8,"column":56}},"8":{"start":{"line":9,"column":0},"end":{"line":9,"column":63}},"9":{"start":{"line":10,"column":0},"end":{"line":10,"column":69}},"10":{"start":{"line":12,"column":0},"end":{"line":12,"column":26}},"11":{"start":{"line":14,"column":0},"end":{"line":26,"column":1}},"12":{"start":{"line":15,"column":4},"end":{"line":17,"column":5}},"13":{"start":{"line":16,"column":8},"end":{"line":16,"column":30}},"14":{"start":{"line":19,"column":4},"end":{"line":19,"column":42}},"15":{"start":{"line":20,"column":4},"end":{"line":20,"column":42}},"16":{"start":{"line":21,"column":4},"end":{"line":21,"column":53}},"17":{"start":{"line":22,"column":4},"end":{"line":22,"column":47}},"18":{"start":{"line":23,"column":4},"end":{"line":23,"column":47}},"19":{"start":{"line":24,"column":4},"end":{"line":24,"column":44}},"20":{"start":{"line":25,"column":4},"end":{"line":25,"column":21}},"21":{"start":{"line":28,"column":0},"end":{"line":28,"column":31}},"22":{"start":{"line":29,"column":0},"end":{"line":31,"column":1}},"23":{"start":{"line":30,"column":4},"end":{"line":30,"column":35}},"24":{"start":{"line":33,"column":0},"end":{"line":36,"column":1}},"25":{"start":{"line":34,"column":4},"end":{"line":34,"column":58}},"26":{"start":{"line":35,"column":4},"end":{"line":35,"column":44}},"27":{"start":{"line":38,"column":0},"end":{"line":40,"column":1}},"28":{"start":{"line":39,"column":4},"end":{"line":39,"column":40}},"29":{"start":{"line":42,"column":0},"end":{"line":44,"column":1}},"30":{"start":{"line":43,"column":4},"end":{"line":43,"column":37}},"31":{"start":{"line":46,"column":0},"end":{"line":48,"column":1}},"32":{"start":{"line":47,"column":4},"end":{"line":47,"column":28}},"33":{"start":{"line":50,"column":0},"end":{"line":52,"column":1}},"34":{"start":{"line":51,"column":4},"end":{"line":51,"column":34}},"35":{"start":{"line":54,"column":0},"end":{"line":64,"column":1}},"36":{"start":{"line":55,"column":4},"end":{"line":55,"column":19}},"37":{"start":{"line":57,"column":4},"end":{"line":61,"column":6}},"38":{"start":{"line":58,"column":8},"end":{"line":60,"column":9}},"39":{"start":{"line":59,"column":12},"end":{"line":59,"column":23}},"40":{"start":{"line":63,"column":4},"end":{"line":63,"column":25}},"41":{"start":{"line":66,"column":0},"end":{"line":66,"column":74}},"42":{"start":{"line":67,"column":0},"end":{"line":67,"column":70}},"43":{"start":{"line":68,"column":0},"end":{"line":68,"column":46}},"44":{"start":{"line":70,"column":0},"end":{"line":70,"column":47}},"45":{"start":{"line":71,"column":0},"end":{"line":71,"column":41}},"46":{"start":{"line":72,"column":0},"end":{"line":72,"column":35}}},"branchMap":{"1":{"line":15,"type":"if","locations":[{"start":{"line":15,"column":4},"end":{"line":15,"column":4}},{"start":{"line":15,"column":4},"end":{"line":15,"column":4}}]},"2":{"line":34,"type":"cond-expr","locations":[{"start":{"line":34,"column":34},"end":{"line":34,"column":38}},{"start":{"line":34,"column":41},"end":{"line":34,"column":58}}]},"3":{"line":58,"type":"if","locations":[{"start":{"line":58,"column":8},"end":{"line":58,"column":8}},{"start":{"line":58,"column":8},"end":{"line":58,"column":8}}]},"4":{"line":63,"type":"binary-expr","locations":[{"start":{"line":63,"column":11},"end":{"line":63,"column":17}},{"start":{"line":63,"column":21},"end":{"line":63,"column":25}}]}},"code":["var domWalk = require(\"dom-walk\")","","var Comment = require(\"./dom-comment.js\")","var DOMText = require(\"./dom-text.js\")","var DOMElement = require(\"./dom-element.js\")","var DocumentFragment = require(\"./dom-fragment.js\")","var Event = require(\"./event.js\")","var dispatchEvent = require(\"./event/dispatch-event.js\")","var addEventListener = require(\"./event/add-event-listener.js\")","var removeEventListener = require(\"./event/remove-event-listener.js\")","","module.exports = Document;","","function Document() {","    if (!(this instanceof Document)) {","        return new Document();","    }","","    this.head = this.createElement(\"head\")","    this.body = this.createElement(\"body\")","    this.documentElement = this.createElement(\"html\")","    this.documentElement.appendChild(this.head)","    this.documentElement.appendChild(this.body)","    this.childNodes = [this.documentElement]","    this.nodeType = 9","}","","var proto = Document.prototype;","proto.createTextNode = function createTextNode(value) {","    return new DOMText(value, this)","}","","proto.createElementNS = function createElementNS(namespace, tagName) {","    var ns = namespace === null ? null : String(namespace)","    return new DOMElement(tagName, this, ns)","}","","proto.createElement = function createElement(tagName) {","    return new DOMElement(tagName, this)","}","","proto.createDocumentFragment = function createDocumentFragment() {","    return new DocumentFragment(this)","}","","proto.createEvent = function createEvent(family) {","    return new Event(family)","}","","proto.createComment = function createComment(data) {","    return new Comment(data, this)","}","","proto.getElementById = function getElementById(id) {","    id = String(id)","","    var result = domWalk(this.childNodes, function (node) {","        if (String(node.id) === id) {","            return node","        }","    })","","    return result || null","}","","proto.getElementsByClassName = DOMElement.prototype.getElementsByClassName","proto.getElementsByTagName = DOMElement.prototype.getElementsByTagName","proto.contains = DOMElement.prototype.contains","","proto.removeEventListener = removeEventListener","proto.addEventListener = addEventListener","proto.dispatchEvent = dispatchEvent",""],"l":{"1":1,"3":1,"4":1,"5":1,"6":1,"7":1,"8":1,"9":1,"10":1,"12":1,"14":1,"15":1,"16":0,"19":1,"20":1,"21":1,"22":1,"23":1,"24":1,"25":1,"28":1,"29":1,"30":0,"33":1,"34":0,"35":0,"38":1,"39":3,"42":1,"43":0,"46":1,"47":0,"50":1,"51":0,"54":1,"55":0,"57":0,"58":0,"59":0,"63":0,"66":1,"67":1,"68":1,"70":1,"71":1,"72":1}},"/home/travis/build/npmtest/node-npmtest-min-document/node_modules/min-document/dom-comment.js":{"path":"/home/travis/build/npmtest/node-npmtest-min-document/node_modules/min-document/dom-comment.js","s":{"1":1,"2":1,"3":0,"4":0,"5":0,"6":0,"7":0,"8":0,"9":1,"10":1,"11":1,"12":0},"b":{"1":[0,0],"2":[0,0]},"f":{"1":0,"2":0},"fnMap":{"1":{"name":"Comment","line":3,"loc":{"start":{"line":3,"column":0},"end":{"line":3,"column":30}}},"2":{"name":"_Comment_toString","line":17,"loc":{"start":{"line":17,"column":29},"end":{"line":17,"column":58}}}},"statementMap":{"1":{"start":{"line":1,"column":0},"end":{"line":1,"column":24}},"2":{"start":{"line":3,"column":0},"end":{"line":12,"column":1}},"3":{"start":{"line":4,"column":4},"end":{"line":6,"column":5}},"4":{"start":{"line":5,"column":8},"end":{"line":5,"column":39}},"5":{"start":{"line":8,"column":4},"end":{"line":8,"column":20}},"6":{"start":{"line":9,"column":4},"end":{"line":9,"column":25}},"7":{"start":{"line":10,"column":4},"end":{"line":10,"column":29}},"8":{"start":{"line":11,"column":4},"end":{"line":11,"column":38}},"9":{"start":{"line":14,"column":0},"end":{"line":14,"column":30}},"10":{"start":{"line":15,"column":0},"end":{"line":15,"column":39}},"11":{"start":{"line":17,"column":0},"end":{"line":19,"column":1}},"12":{"start":{"line":18,"column":4},"end":{"line":18,"column":29}}},"branchMap":{"1":{"line":4,"type":"if","locations":[{"start":{"line":4,"column":4},"end":{"line":4,"column":4}},{"start":{"line":4,"column":4},"end":{"line":4,"column":4}}]},"2":{"line":11,"type":"binary-expr","locations":[{"start":{"line":11,"column":25},"end":{"line":11,"column":30}},{"start":{"line":11,"column":34},"end":{"line":11,"column":38}}]}},"code":["module.exports = Comment","","function Comment(data, owner) {","    if (!(this instanceof Comment)) {","        return new Comment(data, owner)","    }","","    this.data = data","    this.nodeValue = data","    this.length = data.length","    this.ownerDocument = owner || null","}","","Comment.prototype.nodeType = 8","Comment.prototype.nodeName = \"#comment\"","","Comment.prototype.toString = function _Comment_toString() {","    return \"[object Comment]\"","}",""],"l":{"1":1,"3":1,"4":0,"5":0,"8":0,"9":0,"10":0,"11":0,"14":1,"15":1,"17":1,"18":0}},"/home/travis/build/npmtest/node-npmtest-min-document/node_modules/min-document/dom-text.js":{"path":"/home/travis/build/npmtest/node-npmtest-min-document/node_modules/min-document/dom-text.js","s":{"1":1,"2":1,"3":0,"4":0,"5":0,"6":0,"7":0,"8":1,"9":1,"10":1,"11":1,"12":0,"13":1,"14":0,"15":0,"16":0,"17":0,"18":0},"b":{"1":[0,0],"2":[0,0],"3":[0,0]},"f":{"1":0,"2":0,"3":0},"fnMap":{"1":{"name":"DOMText","line":3,"loc":{"start":{"line":3,"column":0},"end":{"line":3,"column":31}}},"2":{"name":"_Text_toString","line":17,"loc":{"start":{"line":17,"column":29},"end":{"line":17,"column":55}}},"3":{"name":"replaceData","line":21,"loc":{"start":{"line":21,"column":32},"end":{"line":21,"column":75}}}},"statementMap":{"1":{"start":{"line":1,"column":0},"end":{"line":1,"column":24}},"2":{"start":{"line":3,"column":0},"end":{"line":11,"column":1}},"3":{"start":{"line":4,"column":4},"end":{"line":6,"column":5}},"4":{"start":{"line":5,"column":8},"end":{"line":5,"column":33}},"5":{"start":{"line":8,"column":4},"end":{"line":8,"column":27}},"6":{"start":{"line":9,"column":4},"end":{"line":9,"column":34}},"7":{"start":{"line":10,"column":4},"end":{"line":10,"column":38}},"8":{"start":{"line":13,"column":0},"end":{"line":13,"column":38}},"9":{"start":{"line":14,"column":0},"end":{"line":14,"column":30}},"10":{"start":{"line":15,"column":0},"end":{"line":15,"column":36}},"11":{"start":{"line":17,"column":0},"end":{"line":19,"column":1}},"12":{"start":{"line":18,"column":4},"end":{"line":18,"column":20}},"13":{"start":{"line":21,"column":0},"end":{"line":27,"column":1}},"14":{"start":{"line":22,"column":4},"end":{"line":22,"column":27}},"15":{"start":{"line":23,"column":4},"end":{"line":23,"column":42}},"16":{"start":{"line":24,"column":4},"end":{"line":24,"column":65}},"17":{"start":{"line":25,"column":4},"end":{"line":25,"column":36}},"18":{"start":{"line":26,"column":4},"end":{"line":26,"column":34}}},"branchMap":{"1":{"line":4,"type":"if","locations":[{"start":{"line":4,"column":4},"end":{"line":4,"column":4}},{"start":{"line":4,"column":4},"end":{"line":4,"column":4}}]},"2":{"line":8,"type":"binary-expr","locations":[{"start":{"line":8,"column":16},"end":{"line":8,"column":21}},{"start":{"line":8,"column":25},"end":{"line":8,"column":27}}]},"3":{"line":10,"type":"binary-expr","locations":[{"start":{"line":10,"column":25},"end":{"line":10,"column":30}},{"start":{"line":10,"column":34},"end":{"line":10,"column":38}}]}},"code":["module.exports = DOMText","","function DOMText(value, owner) {","    if (!(this instanceof DOMText)) {","        return new DOMText(value)","    }","","    this.data = value || \"\"","    this.length = this.data.length","    this.ownerDocument = owner || null","}","","DOMText.prototype.type = \"DOMTextNode\"","DOMText.prototype.nodeType = 3","DOMText.prototype.nodeName = \"#text\"","","DOMText.prototype.toString = function _Text_toString() {","    return this.data","}","","DOMText.prototype.replaceData = function replaceData(index, length, value) {","    var current = this.data","    var left = current.substring(0, index)","    var right = current.substring(index + length, current.length)","    this.data = left + value + right","    this.length = this.data.length","}",""],"l":{"1":1,"3":1,"4":0,"5":0,"8":0,"9":0,"10":0,"13":1,"14":1,"15":1,"17":1,"18":0,"21":1,"22":0,"23":0,"24":0,"25":0,"26":0}},"/home/travis/build/npmtest/node-npmtest-min-document/node_modules/min-document/dom-element.js":{"path":"/home/travis/build/npmtest/node-npmtest-min-document/node_modules/min-document/dom-element.js","s":{"1":1,"2":1,"3":1,"4":1,"5":1,"6":1,"7":1,"8":1,"9":3,"10":0,"11":3,"12":3,"13":3,"14":3,"15":3,"16":3,"17":3,"18":3,"19":3,"20":3,"21":3,"22":3,"23":0,"24":1,"25":1,"26":1,"27":2,"28":0,"29":2,"30":2,"31":2,"32":1,"33":0,"34":0,"35":0,"36":0,"37":0,"38":0,"39":0,"40":1,"41":0,"42":0,"43":0,"44":0,"45":1,"46":0,"47":0,"48":0,"49":0,"50":0,"51":0,"52":0,"53":0,"54":1,"55":0,"56":0,"57":0,"58":0,"59":0,"60":0,"61":0,"62":0,"63":0,"64":0,"65":1,"66":0,"67":0,"68":0,"69":0,"70":0,"71":0,"72":0,"73":1,"74":0,"75":0,"76":0,"77":1,"78":0,"79":0,"80":1,"81":0,"82":1,"83":0,"84":1,"85":0,"86":1,"87":0,"88":1,"89":1,"90":1,"91":1,"92":0,"93":1,"94":0,"95":1,"96":0,"97":0,"98":0,"99":0,"100":0,"101":0,"102":0,"103":0,"104":0,"105":0,"106":1,"107":0,"108":0,"109":0,"110":0,"111":0,"112":0,"113":1,"114":0,"115":0},"b":{"1":[0,3],"2":[3,0],"3":[0,0],"4":[3,0],"5":[3,0],"6":[0,3],"7":[0,2],"8":[0,0],"9":[0,0],"10":[0,0],"11":[0,0],"12":[0,0],"13":[0,0],"14":[0,0],"15":[0,0],"16":[0,0],"17":[0,0,0],"18":[0,0],"19":[0,0],"20":[0,0],"21":[0,0],"22":[0,0],"23":[0,0],"24":[0,0],"25":[0,0],"26":[0,0],"27":[0,0,0],"28":[0,0]},"f":{"1":3,"2":2,"3":0,"4":0,"5":0,"6":0,"7":0,"8":0,"9":0,"10":0,"11":0,"12":0,"13":0,"14":0,"15":0,"16":0,"17":0,"18":0,"19":0,"20":0,"21":0,"22":0},"fnMap":{"1":{"name":"DOMElement","line":11,"loc":{"start":{"line":11,"column":0},"end":{"line":11,"column":47}}},"2":{"name":"_Element_appendChild","line":37,"loc":{"start":{"line":37,"column":35},"end":{"line":37,"column":72}}},"3":{"name":"_Element_replaceChild","line":49,"loc":{"start":{"line":49,"column":4},"end":{"line":49,"column":49}}},"4":{"name":"_Element_removeChild","line":65,"loc":{"start":{"line":65,"column":35},"end":{"line":65,"column":71}}},"5":{"name":"_Element_insertBefore","line":76,"loc":{"start":{"line":76,"column":4},"end":{"line":76,"column":49}}},"6":{"name":"_Element_setAttributeNS","line":99,"loc":{"start":{"line":99,"column":4},"end":{"line":99,"column":61}}},"7":{"name":"_Element_getAttributeNS","line":117,"loc":{"start":{"line":117,"column":4},"end":{"line":117,"column":54}}},"8":{"name":"_Element_removeAttributeNS","line":130,"loc":{"start":{"line":130,"column":4},"end":{"line":130,"column":57}}},"9":{"name":"_Element_hasAttributeNS","line":138,"loc":{"start":{"line":138,"column":4},"end":{"line":138,"column":54}}},"10":{"name":"_Element_setAttribute","line":143,"loc":{"start":{"line":143,"column":36},"end":{"line":143,"column":80}}},"11":{"name":"_Element_getAttribute","line":147,"loc":{"start":{"line":147,"column":36},"end":{"line":147,"column":73}}},"12":{"name":"_Element_removeAttribute","line":151,"loc":{"start":{"line":151,"column":39},"end":{"line":151,"column":79}}},"13":{"name":"_Element_hasAttribute","line":155,"loc":{"start":{"line":155,"column":36},"end":{"line":155,"column":73}}},"14":{"name":"_Element_focus","line":164,"loc":{"start":{"line":164,"column":29},"end":{"line":164,"column":55}}},"15":{"name":"_Element_toString","line":168,"loc":{"start":{"line":168,"column":32},"end":{"line":168,"column":61}}},"16":{"name":"_Element_getElementsByClassName","line":172,"loc":{"start":{"line":172,"column":46},"end":{"line":172,"column":99}}},"17":{"name":"(anonymous_17)","line":176,"loc":{"start":{"line":176,"column":18},"end":{"line":176,"column":34}}},"18":{"name":"(anonymous_18)","line":181,"loc":{"start":{"line":181,"column":30},"end":{"line":181,"column":46}}},"19":{"name":"_Element_getElementsByTagName","line":192,"loc":{"start":{"line":192,"column":44},"end":{"line":192,"column":92}}},"20":{"name":"(anonymous_20)","line":196,"loc":{"start":{"line":196,"column":29},"end":{"line":196,"column":45}}},"21":{"name":"_Element_contains","line":205,"loc":{"start":{"line":205,"column":32},"end":{"line":205,"column":68}}},"22":{"name":"(anonymous_22)","line":206,"loc":{"start":{"line":206,"column":25},"end":{"line":206,"column":41}}}},"statementMap":{"1":{"start":{"line":1,"column":0},"end":{"line":1,"column":33}},"2":{"start":{"line":2,"column":0},"end":{"line":2,"column":56}},"3":{"start":{"line":3,"column":0},"end":{"line":3,"column":63}},"4":{"start":{"line":4,"column":0},"end":{"line":4,"column":69}},"5":{"start":{"line":5,"column":0},"end":{"line":5,"column":45}},"6":{"start":{"line":7,"column":0},"end":{"line":7,"column":43}},"7":{"start":{"line":9,"column":0},"end":{"line":9,"column":27}},"8":{"start":{"line":11,"column":0},"end":{"line":32,"column":1}},"9":{"start":{"line":12,"column":4},"end":{"line":14,"column":5}},"10":{"start":{"line":13,"column":8},"end":{"line":13,"column":38}},"11":{"start":{"line":16,"column":4},"end":{"line":16,"column":67}},"12":{"start":{"line":18,"column":4},"end":{"line":18,"column":74}},"13":{"start":{"line":19,"column":4},"end":{"line":19,"column":32}},"14":{"start":{"line":20,"column":4},"end":{"line":20,"column":23}},"15":{"start":{"line":21,"column":4},"end":{"line":21,"column":21}},"16":{"start":{"line":22,"column":4},"end":{"line":22,"column":24}},"17":{"start":{"line":23,"column":4},"end":{"line":23,"column":26}},"18":{"start":{"line":24,"column":4},"end":{"line":24,"column":19}},"19":{"start":{"line":25,"column":4},"end":{"line":25,"column":38}},"20":{"start":{"line":26,"column":4},"end":{"line":26,"column":26}},"21":{"start":{"line":27,"column":4},"end":{"line":27,"column":25}},"22":{"start":{"line":29,"column":4},"end":{"line":31,"column":5}},"23":{"start":{"line":30,"column":6},"end":{"line":30,"column":24}},"24":{"start":{"line":34,"column":0},"end":{"line":34,"column":40}},"25":{"start":{"line":35,"column":0},"end":{"line":35,"column":33}},"26":{"start":{"line":37,"column":0},"end":{"line":46,"column":1}},"27":{"start":{"line":38,"column":4},"end":{"line":40,"column":5}},"28":{"start":{"line":39,"column":8},"end":{"line":39,"column":43}},"29":{"start":{"line":42,"column":4},"end":{"line":42,"column":31}},"30":{"start":{"line":43,"column":4},"end":{"line":43,"column":27}},"31":{"start":{"line":45,"column":4},"end":{"line":45,"column":16}},"32":{"start":{"line":48,"column":0},"end":{"line":63,"column":5}},"33":{"start":{"line":52,"column":8},"end":{"line":54,"column":9}},"34":{"start":{"line":53,"column":12},"end":{"line":53,"column":45}},"35":{"start":{"line":56,"column":8},"end":{"line":56,"column":51}},"36":{"start":{"line":58,"column":8},"end":{"line":58,"column":32}},"37":{"start":{"line":59,"column":8},"end":{"line":59,"column":37}},"38":{"start":{"line":60,"column":8},"end":{"line":60,"column":30}},"39":{"start":{"line":62,"column":8},"end":{"line":62,"column":21}},"40":{"start":{"line":65,"column":0},"end":{"line":73,"column":1}},"41":{"start":{"line":68,"column":4},"end":{"line":68,"column":45}},"42":{"start":{"line":69,"column":4},"end":{"line":69,"column":36}},"43":{"start":{"line":71,"column":4},"end":{"line":71,"column":26}},"44":{"start":{"line":72,"column":4},"end":{"line":72,"column":15}},"45":{"start":{"line":75,"column":0},"end":{"line":96,"column":5}},"46":{"start":{"line":80,"column":8},"end":{"line":82,"column":9}},"47":{"start":{"line":81,"column":12},"end":{"line":81,"column":45}},"48":{"start":{"line":84,"column":8},"end":{"line":86,"column":43}},"49":{"start":{"line":88,"column":8},"end":{"line":92,"column":9}},"50":{"start":{"line":89,"column":12},"end":{"line":89,"column":50}},"51":{"start":{"line":91,"column":12},"end":{"line":91,"column":38}},"52":{"start":{"line":94,"column":8},"end":{"line":94,"column":30}},"53":{"start":{"line":95,"column":8},"end":{"line":95,"column":19}},"54":{"start":{"line":98,"column":0},"end":{"line":114,"column":5}},"55":{"start":{"line":100,"column":8},"end":{"line":100,"column":25}},"56":{"start":{"line":101,"column":8},"end":{"line":101,"column":28}},"57":{"start":{"line":102,"column":8},"end":{"line":102,"column":45}},"58":{"start":{"line":103,"column":8},"end":{"line":106,"column":9}},"59":{"start":{"line":104,"column":12},"end":{"line":104,"column":50}},"60":{"start":{"line":105,"column":12},"end":{"line":105,"column":54}},"61":{"start":{"line":107,"column":8},"end":{"line":113,"column":9}},"62":{"start":{"line":108,"column":10},"end":{"line":108,"column":28}},"63":{"start":{"line":111,"column":10},"end":{"line":111,"column":92}},"64":{"start":{"line":112,"column":10},"end":{"line":112,"column":64}},"65":{"start":{"line":116,"column":0},"end":{"line":127,"column":5}},"66":{"start":{"line":118,"column":8},"end":{"line":118,"column":53}},"67":{"start":{"line":119,"column":8},"end":{"line":119,"column":76}},"68":{"start":{"line":120,"column":8},"end":{"line":122,"column":9}},"69":{"start":{"line":121,"column":10},"end":{"line":121,"column":27}},"70":{"start":{"line":123,"column":8},"end":{"line":125,"column":9}},"71":{"start":{"line":124,"column":12},"end":{"line":124,"column":23}},"72":{"start":{"line":126,"column":8},"end":{"line":126,"column":20}},"73":{"start":{"line":129,"column":0},"end":{"line":135,"column":5}},"74":{"start":{"line":131,"column":8},"end":{"line":131,"column":53}},"75":{"start":{"line":132,"column":8},"end":{"line":134,"column":9}},"76":{"start":{"line":133,"column":12},"end":{"line":133,"column":35}},"77":{"start":{"line":137,"column":0},"end":{"line":141,"column":5}},"78":{"start":{"line":139,"column":8},"end":{"line":139,"column":52}},"79":{"start":{"line":140,"column":8},"end":{"line":140,"column":50}},"80":{"start":{"line":143,"column":0},"end":{"line":145,"column":1}},"81":{"start":{"line":144,"column":4},"end":{"line":144,"column":49}},"82":{"start":{"line":147,"column":0},"end":{"line":149,"column":1}},"83":{"start":{"line":148,"column":4},"end":{"line":148,"column":42}},"84":{"start":{"line":151,"column":0},"end":{"line":153,"column":1}},"85":{"start":{"line":152,"column":4},"end":{"line":152,"column":45}},"86":{"start":{"line":155,"column":0},"end":{"line":157,"column":1}},"87":{"start":{"line":156,"column":4},"end":{"line":156,"column":42}},"88":{"start":{"line":159,"column":0},"end":{"line":159,"column":62}},"89":{"start":{"line":160,"column":0},"end":{"line":160,"column":56}},"90":{"start":{"line":161,"column":0},"end":{"line":161,"column":50}},"91":{"start":{"line":164,"column":0},"end":{"line":166,"column":1}},"92":{"start":{"line":165,"column":4},"end":{"line":165,"column":17}},"93":{"start":{"line":168,"column":0},"end":{"line":170,"column":1}},"94":{"start":{"line":169,"column":4},"end":{"line":169,"column":30}},"95":{"start":{"line":172,"column":0},"end":{"line":190,"column":1}},"96":{"start":{"line":173,"column":4},"end":{"line":173,"column":40}},"97":{"start":{"line":174,"column":4},"end":{"line":174,"column":18}},"98":{"start":{"line":176,"column":4},"end":{"line":187,"column":6}},"99":{"start":{"line":177,"column":8},"end":{"line":186,"column":9}},"100":{"start":{"line":178,"column":12},"end":{"line":178,"column":52}},"101":{"start":{"line":179,"column":12},"end":{"line":179,"column":54}},"102":{"start":{"line":181,"column":12},"end":{"line":185,"column":13}},"103":{"start":{"line":182,"column":16},"end":{"line":182,"column":55}},"104":{"start":{"line":184,"column":16},"end":{"line":184,"column":32}},"105":{"start":{"line":189,"column":4},"end":{"line":189,"column":16}},"106":{"start":{"line":192,"column":0},"end":{"line":203,"column":1}},"107":{"start":{"line":193,"column":4},"end":{"line":193,"column":35}},"108":{"start":{"line":194,"column":4},"end":{"line":194,"column":18}},"109":{"start":{"line":196,"column":4},"end":{"line":200,"column":6}},"110":{"start":{"line":197,"column":8},"end":{"line":199,"column":9}},"111":{"start":{"line":198,"column":12},"end":{"line":198,"column":28}},"112":{"start":{"line":202,"column":4},"end":{"line":202,"column":16}},"113":{"start":{"line":205,"column":0},"end":{"line":209,"column":1}},"114":{"start":{"line":206,"column":4},"end":{"line":208,"column":15}},"115":{"start":{"line":207,"column":8},"end":{"line":207,"column":31}}},"branchMap":{"1":{"line":12,"type":"if","locations":[{"start":{"line":12,"column":4},"end":{"line":12,"column":4}},{"start":{"line":12,"column":4},"end":{"line":12,"column":4}}]},"2":{"line":16,"type":"cond-expr","locations":[{"start":{"line":16,"column":39},"end":{"line":16,"column":45}},{"start":{"line":16,"column":49},"end":{"line":16,"column":66}}]},"3":{"line":16,"type":"binary-expr","locations":[{"start":{"line":16,"column":49},"end":{"line":16,"column":58}},{"start":{"line":16,"column":62},"end":{"line":16,"column":66}}]},"4":{"line":18,"type":"cond-expr","locations":[{"start":{"line":18,"column":35},"end":{"line":18,"column":64}},{"start":{"line":18,"column":67},"end":{"line":18,"column":74}}]},"5":{"line":25,"type":"binary-expr","locations":[{"start":{"line":25,"column":25},"end":{"line":25,"column":30}},{"start":{"line":25,"column":34},"end":{"line":25,"column":38}}]},"6":{"line":29,"type":"if","locations":[{"start":{"line":29,"column":4},"end":{"line":29,"column":4}},{"start":{"line":29,"column":4},"end":{"line":29,"column":4}}]},"7":{"line":38,"type":"if","locations":[{"start":{"line":38,"column":4},"end":{"line":38,"column":4}},{"start":{"line":38,"column":4},"end":{"line":38,"column":4}}]},"8":{"line":52,"type":"if","locations":[{"start":{"line":52,"column":8},"end":{"line":52,"column":8}},{"start":{"line":52,"column":8},"end":{"line":52,"column":8}}]},"9":{"line":80,"type":"if","locations":[{"start":{"line":80,"column":8},"end":{"line":80,"column":8}},{"start":{"line":80,"column":8},"end":{"line":80,"column":8}}]},"10":{"line":84,"type":"cond-expr","locations":[{"start":{"line":85,"column":12},"end":{"line":85,"column":14}},{"start":{"line":86,"column":12},"end":{"line":86,"column":43}}]},"11":{"line":84,"type":"binary-expr","locations":[{"start":{"line":84,"column":20},"end":{"line":84,"column":35}},{"start":{"line":84,"column":39},"end":{"line":84,"column":59}}]},"12":{"line":88,"type":"if","locations":[{"start":{"line":88,"column":8},"end":{"line":88,"column":8}},{"start":{"line":88,"column":8},"end":{"line":88,"column":8}}]},"13":{"line":103,"type":"if","locations":[{"start":{"line":103,"column":8},"end":{"line":103,"column":8}},{"start":{"line":103,"column":8},"end":{"line":103,"column":8}}]},"14":{"line":107,"type":"if","locations":[{"start":{"line":107,"column":8},"end":{"line":107,"column":8}},{"start":{"line":107,"column":8},"end":{"line":107,"column":8}}]},"15":{"line":107,"type":"binary-expr","locations":[{"start":{"line":107,"column":12},"end":{"line":107,"column":36}},{"start":{"line":107,"column":40},"end":{"line":107,"column":55}}]},"16":{"line":111,"type":"binary-expr","locations":[{"start":{"line":111,"column":27},"end":{"line":111,"column":54}},{"start":{"line":111,"column":59},"end":{"line":111,"column":91}}]},"17":{"line":119,"type":"binary-expr","locations":[{"start":{"line":119,"column":20},"end":{"line":119,"column":30}},{"start":{"line":119,"column":34},"end":{"line":119,"column":50}},{"start":{"line":119,"column":54},"end":{"line":119,"column":76}}]},"18":{"line":120,"type":"if","locations":[{"start":{"line":120,"column":8},"end":{"line":120,"column":8}},{"start":{"line":120,"column":8},"end":{"line":120,"column":8}}]},"19":{"line":120,"type":"binary-expr","locations":[{"start":{"line":120,"column":12},"end":{"line":120,"column":36}},{"start":{"line":120,"column":40},"end":{"line":120,"column":55}}]},"20":{"line":123,"type":"if","locations":[{"start":{"line":123,"column":8},"end":{"line":123,"column":8}},{"start":{"line":123,"column":8},"end":{"line":123,"column":8}}]},"21":{"line":132,"type":"if","locations":[{"start":{"line":132,"column":8},"end":{"line":13
[...]
":{"line":5,"column":29}}},"2":{"name":"serializeElement","line":16,"loc":{"start":{"line":16,"column":0},"end":{"line":16,"column":32}}},"3":{"name":"isProperty","line":46,"loc":{"start":{"line":46,"column":0},"end":{"line":46,"column":31}}},"4":{"name":"stylify","line":59,"loc":{"start":{"line":59,"column":0},"end":{"line":59,"column":25}}},"5":{"name":"(anonymous_5)","line":62,"loc":{"start":{"line":62,"column":32},"end":{"line":62,"column":47}}},"6":{"name":"(anonymous_6)","line":64,"loc":{"start":{"line":64,"column":36},"end":{"line":64,"column":48}}},"7":{"name":"datasetify","line":72,"loc":{"start":{"line":72,"column":0},"end":{"line":72,"column":26}}},"8":{"name":"stringify","line":83,"loc":{"start":{"line":83,"column":0},"end":{"line":83,"column":25}}},"9":{"name":"(anonymous_9)","line":85,"loc":{"start":{"line":85,"column":17},"end":{"line":85,"column":34}}},"10":{"name":"properties","line":99,"loc":{"start":{"line":99,"column":0},"end":{"line":99,"column":26}}},"11":{"name":"escapeText","line":122,"loc":{"start":{"line":122,"column":0},"end":{"line":122,"column":23}}},"12":{"name":"escapeAttributeValue","line":137,"loc":{"start":{"line":137,"column":0},"end":{"line":137,"column":35}}}},"statementMap":{"1":{"start":{"line":1,"column":0},"end":{"line":1,"column":30}},"2":{"start":{"line":3,"column":0},"end":{"line":3,"column":138}},"3":{"start":{"line":5,"column":0},"end":{"line":14,"column":1}},"4":{"start":{"line":6,"column":4},"end":{"line":13,"column":5}},"5":{"start":{"line":8,"column":12},"end":{"line":8,"column":40}},"6":{"start":{"line":10,"column":12},"end":{"line":10,"column":45}},"7":{"start":{"line":12,"column":12},"end":{"line":12,"column":41}},"8":{"start":{"line":16,"column":0},"end":{"line":44,"column":1}},"9":{"start":{"line":17,"column":4},"end":{"line":17,"column":20}},"10":{"start":{"line":19,"column":4},"end":{"line":19,"column":30}},"11":{"start":{"line":21,"column":4},"end":{"line":23,"column":5}},"12":{"start":{"line":22,"column":8},"end":{"line":22,"column":39}},"13":{"start":{"line":25,"column":4},"end":{"line":25,"column":69}},"14":{"start":{"line":27,"column":4},"end":{"line":41,"column":5}},"15":{"start":{"line":28,"column":8},"end":{"line":28,"column":27}},"16":{"start":{"line":30,"column":8},"end":{"line":30,"column":25}},"17":{"start":{"line":32,"column":8},"end":{"line":38,"column":9}},"18":{"start":{"line":33,"column":12},"end":{"line":33,"column":75}},"19":{"start":{"line":34,"column":15},"end":{"line":38,"column":9}},"20":{"start":{"line":35,"column":12},"end":{"line":35,"column":72}},"21":{"start":{"line":36,"column":15},"end":{"line":38,"column":9}},"22":{"start":{"line":37,"column":12},"end":{"line":37,"column":40}},"23":{"start":{"line":40,"column":8},"end":{"line":40,"column":42}},"24":{"start":{"line":43,"column":4},"end":{"line":43,"column":27}},"25":{"start":{"line":46,"column":0},"end":{"line":57,"column":1}},"26":{"start":{"line":47,"column":4},"end":{"line":47,"column":31}},"27":{"start":{"line":49,"column":4},"end":{"line":51,"column":5}},"28":{"start":{"line":50,"column":6},"end":{"line":50,"column":17}},"29":{"start":{"line":53,"column":4},"end":{"line":56,"column":102}},"30":{"start":{"line":59,"column":0},"end":{"line":70,"column":1}},"31":{"start":{"line":60,"column":4},"end":{"line":60,"column":49}},"32":{"start":{"line":60,"column":36},"end":{"line":60,"column":49}},"33":{"start":{"line":61,"column":4},"end":{"line":61,"column":17}},"34":{"start":{"line":62,"column":4},"end":{"line":68,"column":6}},"35":{"start":{"line":63,"column":8},"end":{"line":63,"column":31}},"36":{"start":{"line":64,"column":8},"end":{"line":66,"column":10}},"37":{"start":{"line":65,"column":12},"end":{"line":65,"column":41}},"38":{"start":{"line":67,"column":8},"end":{"line":67,"column":39}},"39":{"start":{"line":69,"column":4},"end":{"line":69,"column":15}},"40":{"start":{"line":72,"column":0},"end":{"line":81,"column":1}},"41":{"start":{"line":73,"column":4},"end":{"line":73,"column":25}},"42":{"start":{"line":74,"column":4},"end":{"line":74,"column":18}},"43":{"start":{"line":76,"column":4},"end":{"line":78,"column":5}},"44":{"start":{"line":77,"column":8},"end":{"line":77,"column":59}},"45":{"start":{"line":80,"column":4},"end":{"line":80,"column":47}},"46":{"start":{"line":83,"column":0},"end":{"line":97,"column":1}},"47":{"start":{"line":84,"column":4},"end":{"line":84,"column":23}},"48":{"start":{"line":85,"column":4},"end":{"line":94,"column":6}},"49":{"start":{"line":86,"column":8},"end":{"line":86,"column":29}},"50":{"start":{"line":87,"column":8},"end":{"line":87,"column":31}},"51":{"start":{"line":89,"column":8},"end":{"line":91,"column":9}},"52":{"start":{"line":90,"column":12},"end":{"line":90,"column":34}},"53":{"start":{"line":93,"column":8},"end":{"line":93,"column":79}},"54":{"start":{"line":96,"column":4},"end":{"line":96,"column":62}},"55":{"start":{"line":99,"column":0},"end":{"line":120,"column":1}},"56":{"start":{"line":100,"column":4},"end":{"line":100,"column":18}},"57":{"start":{"line":101,"column":4},"end":{"line":105,"column":5}},"58":{"start":{"line":102,"column":8},"end":{"line":104,"column":9}},"59":{"start":{"line":103,"column":12},"end":{"line":103,"column":55}},"60":{"start":{"line":107,"column":4},"end":{"line":113,"column":5}},"61":{"start":{"line":108,"column":6},"end":{"line":112,"column":7}},"62":{"start":{"line":109,"column":8},"end":{"line":109,"column":50}},"63":{"start":{"line":110,"column":8},"end":{"line":110,"column":69}},"64":{"start":{"line":111,"column":8},"end":{"line":111,"column":53}},"65":{"start":{"line":115,"column":4},"end":{"line":117,"column":5}},"66":{"start":{"line":116,"column":8},"end":{"line":116,"column":60}},"67":{"start":{"line":119,"column":4},"end":{"line":119,"column":47}},"68":{"start":{"line":122,"column":0},"end":{"line":135,"column":1}},"69":{"start":{"line":123,"column":4},"end":{"line":123,"column":17}},"70":{"start":{"line":125,"column":4},"end":{"line":129,"column":5}},"71":{"start":{"line":126,"column":8},"end":{"line":126,"column":16}},"72":{"start":{"line":127,"column":11},"end":{"line":129,"column":5}},"73":{"start":{"line":128,"column":8},"end":{"line":128,"column":27}},"74":{"start":{"line":131,"column":4},"end":{"line":134,"column":30}},"75":{"start":{"line":137,"column":0},"end":{"line":139,"column":1}},"76":{"start":{"line":138,"column":4},"end":{"line":138,"column":50}}},"branchMap":{"1":{"line":6,"type":"switch","locations":[{"start":{"line":7,"column":8},"end":{"line":8,"column":40}},{"start":{"line":9,"column":8},"end":{"line":10,"column":45}},{"start":{"line":11,"column":8},"end":{"line":12,"column":41}}]},"2":{"line":21,"type":"if","locations":[{"start":{"line":21,"column":4},"end":{"line":21,"column":4}},{"start":{"line":21,"column":4},"end":{"line":21,"column":4}}]},"3":{"line":27,"type":"if","locations":[{"start":{"line":27,"column":4},"end":{"line":27,"column":4}},{"start":{"line":27,"column":4},"end":{"line":27,"column":4}}]},"4":{"line":32,"type":"if","locations":[{"start":{"line":32,"column":8},"end":{"line":32,"column":8}},{"start":{"line":32,"column":8},"end":{"line":32,"column":8}}]},"5":{"line":34,"type":"if","locations":[{"start":{"line":34,"column":15},"end":{"line":34,"column":15}},{"start":{"line":34,"column":15},"end":{"line":34,"column":15}}]},"6":{"line":34,"type":"binary-expr","locations":[{"start":{"line":34,"column":19},"end":{"line":34,"column":35}},{"start":{"line":34,"column":39},"end":{"line":34,"column":53}}]},"7":{"line":35,"type":"binary-expr","locations":[{"start":{"line":35,"column":36},"end":{"line":35,"column":52}},{"start":{"line":35,"column":56},"end":{"line":35,"column":70}}]},"8":{"line":36,"type":"if","locations":[{"start":{"line":36,"column":15},"end":{"line":36,"column":15}},{"start":{"line":36,"column":15},"end":{"line":36,"column":15}}]},"9":{"line":49,"type":"if","locations":[{"start":{"line":49,"column":4},"end":{"line":49,"column":4}},{"start":{"line":49,"column":4},"end":{"line":49,"column":4}}]},"10":{"line":49,"type":"binary-expr","locations":[{"start":{"line":49,"column":8},"end":{"line":49,"column":23}},{"start":{"line":49,"column":27},"end":{"line":49,"column":61}}]},"11":{"line":53,"type":"binary-expr","locations":[{"start":{"line":53,"column":11},"end":{"line":53,"column":35}},{"start":{"line":54,"column":9},"end":{"line":54,"column":26}},{"start":{"line":54,"column":30},"end":{"line":54,"column":48}},{"start":{"line":54,"column":52},"end":{"line":54,"column":69}},{"start":{"line":55,"column":8},"end":{"line":55,"column":26}},{"start":{"line":55,"column":30},"end":{"line":55,"column":49}},{"start":{"line":55,"column":53},"end":{"line":55,"column":70}},{"start":{"line":56,"column":8},"end":{"line":56,"column":29}},{"start":{"line":56,"column":33},"end":{"line":56,"column":52}},{"start":{"line":56,"column":56},"end":{"line":56,"column":78}},{"start":{"line":56,"column":83},"end":{"line":56,"column":102}}]},"12":{"line":60,"type":"if","locations":[{"start":{"line":60,"column":4},"end":{"line":60,"column":4}},{"start":{"line":60,"column":4},"end":{"line":60,"column":4}}]},"13":{"line":80,"type":"cond-expr","locations":[{"start":{"line":80,"column":26},"end":{"line":80,"column":42}},{"start":{"line":80,"column":45},"end":{"line":80,"column":47}}]},"14":{"line":89,"type":"if","locations":[{"start":{"line":89,"column":8},"end":{"line":89,"column":8}},{"start":{"line":89,"column":8},"end":{"line":89,"column":8}}]},"15":{"line":96,"type":"cond-expr","locations":[{"start":{"line":96,"column":31},"end":{"line":96,"column":57}},{"start":{"line":96,"column":60},"end":{"line":96,"column":62}}]},"16":{"line":102,"type":"if","locations":[{"start":{"line":102,"column":8},"end":{"line":102,"column":8}},{"start":{"line":102,"column":8},"end":{"line":102,"column":8}}]},"17":{"line":110,"type":"cond-expr","locations":[{"start":{"line":110,"column":34},"end":{"line":110,"column":51}},{"start":{"line":110,"column":54},"end":{"line":110,"column":56}}]},"18":{"line":115,"type":"if","locations":[{"start":{"line":115,"column":4},"end":{"line":115,"column":4}},{"start":{"line":115,"column":4},"end":{"line":115,"column":4}}]},"19":{"line":119,"type":"cond-expr","locations":[{"start":{"line":119,"column":26},"end":{"line":119,"column":42}},{"start":{"line":119,"column":45},"end":{"line":119,"column":47}}]},"20":{"line":125,"type":"if","locations":[{"start":{"line":125,"column":4},"end":{"line":125,"column":4}},{"start":{"line":125,"column":4},"end":{"line":125,"column":4}}]},"21":{"line":127,"type":"if","locations":[{"start":{"line":127,"column":11},"end":{"line":127,"column":11}},{"start":{"line":127,"column":11},"end":{"line":127,"column":11}}]}},"code":["module.exports = serializeNode","","var voidElements = [\"area\",\"base\",\"br\",\"col\",\"embed\",\"hr\",\"img\",\"input\",\"keygen\",\"link\",\"menuitem\",\"meta\",\"param\",\"source\",\"track\",\"wbr\"];","","function serializeNode(node) {","    switch (node.nodeType) {","        case 3:","            return escapeText(node.data)","        case 8:","            return \"<!--\" + node.data + \"-->\"","        default:","            return serializeElement(node)","    }","}","","function serializeElement(elem) {","    var strings = []","","    var tagname = elem.tagName","","    if (elem.namespaceURI === \"http://www.w3.org/1999/xhtml\") {","        tagname = tagname.toLowerCase()","    }","","    strings.push(\"<\" + tagname + properties(elem) + datasetify(elem))","","    if (voidElements.indexOf(tagname) > -1) {","        strings.push(\" />\")","    } else {","        strings.push(\">\")","","        if (elem.childNodes.length) {","            strings.push.apply(strings, elem.childNodes.map(serializeNode))","        } else if (elem.textContent || elem.innerText) {","            strings.push(escapeText(elem.textContent || elem.innerText))","        } else if (elem.innerHTML) {","            strings.push(elem.innerHTML)","        }","","        strings.push(\"</\" + tagname + \">\")","    }","","    return strings.join(\"\")","}","","function isProperty(elem, key) {","    var type = typeof elem[key]","","    if (key === \"style\" && Object.keys(elem.style).length > 0) {","      return true","    }","","    return elem.hasOwnProperty(key) &&","        (type === \"string\" || type === \"boolean\" || type === \"number\") &&","        key !== \"nodeName\" && key !== \"className\" && key !== \"tagName\" &&","        key !== \"textContent\" && key !== \"innerText\" && key !== \"namespaceURI\" &&  key !== \"innerHTML\"","}","","function stylify(styles) {","    if (typeof styles === 'string') return styles","    var attr = \"\"","    Object.keys(styles).forEach(function (key) {","        var value = styles[key]","        key = key.replace(/[A-Z]/g, function(c) {","            return \"-\" + c.toLowerCase();","        })","        attr += key + \":\" + value + \";\"","    })","    return attr","}","","function datasetify(elem) {","    var ds = elem.dataset","    var props = []","","    for (var key in ds) {","        props.push({ name: \"data-\" + key, value: ds[key] })","    }","","    return props.length ? stringify(props) : \"\"","}","","function stringify(list) {","    var attributes = []","    list.forEach(function (tuple) {","        var name = tuple.name","        var value = tuple.value","","        if (name === \"style\") {","            value = stylify(value)","        }","","        attributes.push(name + \"=\" + \"\\\"\" + escapeAttributeValue(value) + \"\\\"\")","    })","","    return attributes.length ? \" \" + attributes.join(\" \") : \"\"","}","","function properties(elem) {","    var props = []","    for (var key in elem) {","        if (isProperty(elem, key)) {","            props.push({ name: key, value: elem[key] })","        }","    }","","    for (var ns in elem._attributes) {","      for (var attribute in elem._attributes[ns]) {","        var prop = elem._attributes[ns][attribute]","        var name = (prop.prefix ? prop.prefix + \":\" : \"\") + attribute","        props.push({ name: name, value: prop.value })","      }","    }","","    if (elem.className) {","        props.push({ name: \"class\", value: elem.className })","    }","","    return props.length ? stringify(props) : \"\"","}","","function escapeText(s) {","    var str = '';","","    if (typeof(s) === 'string') { ","        str = s; ","    } else if (s) {","        str = s.toString();","    }","","    return str","        .replace(/&/g, \"&amp;\")","        .replace(/</g, \"&lt;\")","        .replace(/>/g, \"&gt;\")","}","","function escapeAttributeValue(str) {","    return escapeText(str).replace(/\"/g, \"&quot;\")","}",""],"l":{"1":1,"3":1,"5":1,"6":0,"8":0,"10":0,"12":0,"16":1,"17":0,"19":0,"21":0,"22":0,"25":0,"27":0,"28":0,"30":0,"32":0,"33":0,"34":0,"35":0,"36":0,"37":0,"40":0,"43":0,"46":1,"47":0,"49":0,"50":0,"53":0,"59":1,"60":0,"61":0,"62":0,"63":0,"64":0,"65":0,"67":0,"69":0,"72":1,"73":0,"74":0,"76":0,"77":0,"80":0,"83":1,"84":0,"85":0,"86":0,"87":0,"89":0,"90":0,"93":0,"96":0,"99":1,"100":0,"101":0,"102":0,"103":0,"107":0,"108":0,"109":0,"110":0,"111":0,"115":0,"116":0,"119":0,"122":1,"123":0,"125":0,"126":0,"127":0,"128":0,"131":0,"137":1,"138":0}},"/home/travis/build/npmtest/node-npmtest-min-document/node_modules/min-document/dom-fragment.js":{"path":"/home/travis/build/npmtest/node-npmtest-min-document/node_modules/min-document/dom-fragment.js","s":{"1":1,"2":1,"3":1,"4":0,"5":0,"6":0,"7":0,"8":0,"9":1,"10":1,"11":1,"12":1,"13":1,"14":1,"15":1,"16":0,"17":0},"b":{"1":[0,0],"2":[0,0]},"f":{"1":0,"2":0,"3":0},"fnMap":{"1":{"name":"DocumentFragment","line":5,"loc":{"start":{"line":5,"column":0},"end":{"line":5,"column":33}}},"2":{"name":"_DocumentFragment_toString","line":24,"loc":{"start":{"line":24,"column":4},"end":{"line":24,"column":42}}},"3":{"name":"(anonymous_3)","line":25,"loc":{"start":{"line":25,"column":35},"end":{"line":25,"column":51}}}},"statementMap":{"1":{"start":{"line":1,"column":0},"end":{"line":1,"column":44}},"2":{"start":{"line":3,"column":0},"end":{"line":3,"column":33}},"3":{"start":{"line":5,"column":0},"end":{"line":13,"column":1}},"4":{"start":{"line":6,"column":4},"end":{"line":8,"column":5}},"5":{"start":{"line":7,"column":8},"end":{"line":7,"column":37}},"6":{"start":{"line":10,"column":4},"end":{"line":10,"column":24}},"7":{"start":{"line":11,"column":4},"end":{"line":11,"column":26}},"8":{"start":{"line":12,"column":4},"end":{"line":12,"column":38}},"9":{"start":{"line":15,"column":0},"end":{"line":15,"column":52}},"10":{"start":{"line":16,"column":0},"end":{"line":16,"column":40}},"11":{"start":{"line":17,"column":0},"end":{"line":17,"column":58}},"12":{"start":{"line":19,"column":0},"end":{"line":19,"column":74}},"13":{"start":{"line":20,"column":0},"end":{"line":20,"column":75}},"14":{"start":{"line":21,"column":0},"end":{"line":21,"column":74}},"15":{"start":{"line":23,"column":0},"end":{"line":28,"column":5}},"16":{"start":{"line":25,"column":8},"end":{"line":27,"column":19}},"17":{"start":{"line":26,"column":12},"end":{"line":26,"column":31}}},"branchMap":{"1":{"line":6,"type":"if","locations":[{"start":{"line":6,"column":4},"end":{"line":6,"column":4}},{"start":{"line":6,"column":4},"end":{"line":6,"column":4}}]},"2":{"line":12,"type":"binary-expr","locations":[{"start":{"line":12,"column":25},"end":{"line":12,"column":30}},{"start":{"line":12,"column":34},"end":{"line":12,"column":38}}]}},"code":["var DOMElement = require(\"./dom-element.js\")","","module.exports = DocumentFragment","","function DocumentFragment(owner) {","    if (!(this instanceof DocumentFragment)) {","        return new DocumentFragment()","    }","","    this.childNodes = []","    this.parentNode = null","    this.ownerDocument = owner || null","}","","DocumentFragment.prototype.type = \"DocumentFragment\"","DocumentFragment.prototype.nodeType = 11","DocumentFragment.prototype.nodeName = \"#document-fragment\"","","DocumentFragment.prototype.appendChild  = DOMElement.prototype.appendChild","DocumentFragment.prototype.replaceChild = DOMElement.prototype.replaceChild","DocumentFragment.prototype.removeChild  = DOMElement.prototype.removeChild","","DocumentFragment.prototype.toString =","    function _DocumentFragment_toString() {","        return this.childNodes.map(function (node) {","            return String(node)","        }).join(\"\")","    }",""],"l":{"1":1,"3":1,"5":1,"6":0,"7":0,"10":0,"11":0,"12":0,"15":1,"16":1,"17":1,"19":1,"20":1,"21":1,"23":1,"25":0,"26":0}},"/home/travis/build/npmtest/node-npmtest-min-document/node_modules/min-document/event.js":{"path":"/home/travis/build/npmtest/node-npmtest-min-document/node_modules/min-document/event.js","s":{"1":1,"2":1,"3":1,"4":0,"5":0,"6":0,"7":1},"b":{},"f":{"1":0,"2":0,"3":0},"fnMap":{"1":{"name":"Event","line":3,"loc":{"start":{"line":3,"column":0},"end":{"line":3,"column":23}}},"2":{"name":"_Event_initEvent","line":5,"loc":{"start":{"line":5,"column":28},"end":{"line":5,"column":81}}},"3":{"name":"_Event_preventDefault","line":11,"loc":{"start":{"line":11,"column":33},"end":{"line":11,"column":66}}}},"statementMap":{"1":{"start":{"line":1,"column":0},"end":{"line":1,"column":22}},"2":{"start":{"line":3,"column":0},"end":{"line":3,"column":25}},"3":{"start":{"line":5,"column":0},"end":{"line":9,"column":1}},"4":{"start":{"line":6,"column":4},"end":{"line":6,"column":20}},"5":{"start":{"line":7,"column":4},"end":{"line":7,"column":26}},"6":{"start":{"line":8,"column":4},"end":{"line":8,"column":32}},"7":{"start":{"line":11,"column":0},"end":{"line":13,"column":1}}},"branchMap":{},"code":["module.exports = Event","","function Event(family) {}","","Event.prototype.initEvent = function _Event_initEvent(type, bubbles, cancelable) {","    this.type = type","    this.bubbles = bubbles","    this.cancelable = cancelable","}","","Event.prototype.preventDefault = function _Event_preventDefault() {","    ","}",""],"l":{"1":1,"3":1,"5":1,"6":0,"7":0,"8":0,"11":1}}}